Wed Nov 28 2018 20:20:55 GMT-0800 (Pacific Standard Time): GET /
Wed Nov 28 2018 20:20:55 GMT-0800 (Pacific Standard Time): GET /css/mainStyle.css
Wed Nov 28 2018 20:20:55 GMT-0800 (Pacific Standard Time): GET /favicon.ico
Wed Nov 28 2018 20:23:18 GMT-0800 (Pacific Standard Time): GET /favicon.ico
Wed Nov 28 2018 20:23:24 GMT-0800 (Pacific Standard Time): GET /
Wed Nov 28 2018 20:23:24 GMT-0800 (Pacific Standard Time): GET /css/mainStyle.css
Wed Nov 28 2018 20:23:24 GMT-0800 (Pacific Standard Time): GET /favicon.ico
Wed Nov 28 2018 20:23:24 GMT-0800 (Pacific Standard Time): GET /images/background.jpg
Wed Nov 28 2018 20:23:25 GMT-0800 (Pacific Standard Time): GET /
Wed Nov 28 2018 20:23:25 GMT-0800 (Pacific Standard Time): GET /css/mainStyle.css
Wed Nov 28 2018 20:23:25 GMT-0800 (Pacific Standard Time): GET /favicon.ico
Wed Nov 28 2018 20:23:25 GMT-0800 (Pacific Standard Time): GET /images/background.jpg
Wed Nov 28 2018 20:23:55 GMT-0800 (Pacific Standard Time): GET /
Wed Nov 28 2018 20:23:56 GMT-0800 (Pacific Standard Time): GET /css/mainStyle.css
Wed Nov 28 2018 20:23:56 GMT-0800 (Pacific Standard Time): GET /favicon.ico
Wed Nov 28 2018 20:23:56 GMT-0800 (Pacific Standard Time): GET /images/road1.jpg
Wed Nov 28 2018 20:23:56 GMT-0800 (Pacific Standard Time): GET /
Wed Nov 28 2018 20:23:56 GMT-0800 (Pacific Standard Time): GET /css/mainStyle.css
Wed Nov 28 2018 20:23:56 GMT-0800 (Pacific Standard Time): GET /favicon.ico
Wed Nov 28 2018 20:23:56 GMT-0800 (Pacific Standard Time): GET /images/road1.jpg
Wed Nov 28 2018 20:23:57 GMT-0800 (Pacific Standard Time): GET /
Wed Nov 28 2018 20:23:57 GMT-0800 (Pacific Standard Time): GET /css/mainStyle.css
Wed Nov 28 2018 20:23:57 GMT-0800 (Pacific Standard Time): GET /favicon.ico
Wed Nov 28 2018 20:23:57 GMT-0800 (Pacific Standard Time): GET /images/road1.jpg
Wed Nov 28 2018 20:24:27 GMT-0800 (Pacific Standard Time): GET /
Wed Nov 28 2018 20:24:27 GMT-0800 (Pacific Standard Time): GET /css/mainStyle.css
Wed Nov 28 2018 20:24:27 GMT-0800 (Pacific Standard Time): GET /favicon.ico
Wed Nov 28 2018 20:24:27 GMT-0800 (Pacific Standard Time): GET /images/road1.jpg
Wed Nov 28 2018 20:24:30 GMT-0800 (Pacific Standard Time): GET /favicon.ico
Wed Nov 28 2018 20:25:04 GMT-0800 (Pacific Standard Time): GET /
Wed Nov 28 2018 20:25:04 GMT-0800 (Pacific Standard Time): GET /css/mainStyle.css
Wed Nov 28 2018 20:25:04 GMT-0800 (Pacific Standard Time): GET /favicon.ico
Wed Nov 28 2018 20:25:04 GMT-0800 (Pacific Standard Time): GET /images/road2.jpg
Wed Nov 28 2018 20:26:12 GMT-0800 (Pacific Standard Time): GET /
Wed Nov 28 2018 20:26:12 GMT-0800 (Pacific Standard Time): GET /css/mainStyle.css
Wed Nov 28 2018 20:26:12 GMT-0800 (Pacific Standard Time): GET /favicon.ico
Wed Nov 28 2018 20:26:12 GMT-0800 (Pacific Standard Time): GET /images/road2.jpg
Wed Nov 28 2018 20:26:26 GMT-0800 (Pacific Standard Time): GET /
Wed Nov 28 2018 20:26:26 GMT-0800 (Pacific Standard Time): GET /css/mainStyle.css
Wed Nov 28 2018 20:26:26 GMT-0800 (Pacific Standard Time): GET /favicon.ico
Wed Nov 28 2018 20:26:26 GMT-0800 (Pacific Standard Time): GET /images/road2.jpg
Wed Nov 28 2018 20:26:37 GMT-0800 (Pacific Standard Time): GET /
Wed Nov 28 2018 20:26:37 GMT-0800 (Pacific Standard Time): GET /css/mainStyle.css
Wed Nov 28 2018 20:26:37 GMT-0800 (Pacific Standard Time): GET /favicon.ico
Wed Nov 28 2018 20:26:37 GMT-0800 (Pacific Standard Time): GET /images/road2.jpg
Wed Nov 28 2018 20:26:44 GMT-0800 (Pacific Standard Time): GET /
Wed Nov 28 2018 20:26:44 GMT-0800 (Pacific Standard Time): GET /css/mainStyle.css
Wed Nov 28 2018 20:26:44 GMT-0800 (Pacific Standard Time): GET /favicon.ico
Wed Nov 28 2018 20:26:44 GMT-0800 (Pacific Standard Time): GET /images/road2.jpg
Wed Nov 28 2018 20:27:49 GMT-0800 (Pacific Standard Time): GET /
Wed Nov 28 2018 20:27:49 GMT-0800 (Pacific Standard Time): GET /css/mainStyle.css
Wed Nov 28 2018 20:27:49 GMT-0800 (Pacific Standard Time): GET /favicon.ico
Wed Nov 28 2018 20:27:49 GMT-0800 (Pacific Standard Time): GET /images/road2.jpg
Wed Nov 28 2018 20:29:21 GMT-0800 (Pacific Standard Time): GET /
Wed Nov 28 2018 20:29:21 GMT-0800 (Pacific Standard Time): GET /css/mainStyle.css
Wed Nov 28 2018 20:29:21 GMT-0800 (Pacific Standard Time): GET /favicon.ico
Wed Nov 28 2018 20:29:21 GMT-0800 (Pacific Standard Time): GET /images/road2.jpg
Wed Nov 28 2018 20:32:00 GMT-0800 (Pacific Standard Time): GET /favicon.ico
Wed Nov 28 2018 20:32:01 GMT-0800 (Pacific Standard Time): GET /
Wed Nov 28 2018 20:32:01 GMT-0800 (Pacific Standard Time): GET /images/popAdLogo.png
Wed Nov 28 2018 20:32:01 GMT-0800 (Pacific Standard Time): GET /css/mainStyle.css
Wed Nov 28 2018 20:32:01 GMT-0800 (Pacific Standard Time): GET /favicon.ico
Wed Nov 28 2018 20:32:01 GMT-0800 (Pacific Standard Time): GET /images/road2.jpg
Wed Nov 28 2018 20:32:54 GMT-0800 (Pacific Standard Time): GET /
Wed Nov 28 2018 20:32:54 GMT-0800 (Pacific Standard Time): GET /css/mainStyle.css
Wed Nov 28 2018 20:32:54 GMT-0800 (Pacific Standard Time): GET /images/popAdLogo.png
Wed Nov 28 2018 20:32:54 GMT-0800 (Pacific Standard Time): GET /favicon.ico
Wed Nov 28 2018 20:32:54 GMT-0800 (Pacific Standard Time): GET /images/road2.jpg
Wed Nov 28 2018 20:33:04 GMT-0800 (Pacific Standard Time): GET /
Wed Nov 28 2018 20:33:04 GMT-0800 (Pacific Standard Time): GET /css/mainStyle.css
Wed Nov 28 2018 20:33:04 GMT-0800 (Pacific Standard Time): GET /images/popAdLogo.png
Wed Nov 28 2018 20:33:04 GMT-0800 (Pacific Standard Time): GET /favicon.ico
Wed Nov 28 2018 20:33:04 GMT-0800 (Pacific Standard Time): GET /images/road2.jpg
Wed Nov 28 2018 20:33:07 GMT-0800 (Pacific Standard Time): GET /
Wed Nov 28 2018 20:33:07 GMT-0800 (Pacific Standard Time): GET /css/mainStyle.css
Wed Nov 28 2018 20:33:07 GMT-0800 (Pacific Standard Time): GET /images/popAdLogo.png
Wed Nov 28 2018 20:33:07 GMT-0800 (Pacific Standard Time): GET /favicon.ico
Wed Nov 28 2018 20:33:07 GMT-0800 (Pacific Standard Time): GET /images/road2.jpg
Wed Nov 28 2018 20:36:05 GMT-0800 (Pacific Standard Time): GET /
Wed Nov 28 2018 20:36:05 GMT-0800 (Pacific Standard Time): GET /css/mainStyle.css
Wed Nov 28 2018 20:36:05 GMT-0800 (Pacific Standard Time): GET /images/popAdLogo.png
Wed Nov 28 2018 20:36:05 GMT-0800 (Pacific Standard Time): GET /favicon.ico
Wed Nov 28 2018 20:36:05 GMT-0800 (Pacific Standard Time): GET /images/road2.jpg
Wed Nov 28 2018 20:36:13 GMT-0800 (Pacific Standard Time): GET /
Wed Nov 28 2018 20:36:13 GMT-0800 (Pacific Standard Time): GET /css/mainStyle.css
Wed Nov 28 2018 20:36:13 GMT-0800 (Pacific Standard Time): GET /images/popAdLogo.png
Wed Nov 28 2018 20:36:13 GMT-0800 (Pacific Standard Time): GET /favicon.ico
Wed Nov 28 2018 20:36:13 GMT-0800 (Pacific Standard Time): GET /images/road2.jpg
Wed Nov 28 2018 20:49:55 GMT-0800 (Pacific Standard Time): GET /
Wed Nov 28 2018 20:49:55 GMT-0800 (Pacific Standard Time): GET /images/popAdLogo2.png
Wed Nov 28 2018 20:49:55 GMT-0800 (Pacific Standard Time): GET /css/mainStyle.css
Wed Nov 28 2018 20:49:55 GMT-0800 (Pacific Standard Time): GET /favicon.ico
Wed Nov 28 2018 20:49:55 GMT-0800 (Pacific Standard Time): GET /images/road2.jpg
Wed Nov 28 2018 20:50:58 GMT-0800 (Pacific Standard Time): GET /
Wed Nov 28 2018 20:50:58 GMT-0800 (Pacific Standard Time): GET /css/mainStyle.css
Wed Nov 28 2018 20:50:58 GMT-0800 (Pacific Standard Time): GET /images/popAdLogo2.png
Wed Nov 28 2018 20:50:58 GMT-0800 (Pacific Standard Time): GET /favicon.ico
Wed Nov 28 2018 20:50:58 GMT-0800 (Pacific Standard Time): GET /images/road2.jpg
Wed Nov 28 2018 20:51:06 GMT-0800 (Pacific Standard Time): GET /
Wed Nov 28 2018 20:51:06 GMT-0800 (Pacific Standard Time): GET /css/mainStyle.css
Wed Nov 28 2018 20:51:06 GMT-0800 (Pacific Standard Time): GET /images/popAdLogo2.png
Wed Nov 28 2018 20:51:06 GMT-0800 (Pacific Standard Time): GET /favicon.ico
Wed Nov 28 2018 20:51:06 GMT-0800 (Pacific Standard Time): GET /images/road2.jpg
Wed Nov 28 2018 20:51:11 GMT-0800 (Pacific Standard Time): GET /
Wed Nov 28 2018 20:51:11 GMT-0800 (Pacific Standard Time): GET /css/mainStyle.css
Wed Nov 28 2018 20:51:11 GMT-0800 (Pacific Standard Time): GET /images/popAdLogo2.png
Wed Nov 28 2018 20:51:11 GMT-0800 (Pacific Standard Time): GET /favicon.ico
Wed Nov 28 2018 20:51:11 GMT-0800 (Pacific Standard Time): GET /images/road2.jpg
Wed Nov 28 2018 20:51:12 GMT-0800 (Pacific Standard Time): GET /
Wed Nov 28 2018 20:51:12 GMT-0800 (Pacific Standard Time): GET /css/mainStyle.css
Wed Nov 28 2018 20:51:12 GMT-0800 (Pacific Standard Time): GET /images/popAdLogo2.png
Wed Nov 28 2018 20:51:12 GMT-0800 (Pacific Standard Time): GET /favicon.ico
Wed Nov 28 2018 20:51:12 GMT-0800 (Pacific Standard Time): GET /images/road2.jpg
Wed Nov 28 2018 20:51:21 GMT-0800 (Pacific Standard Time): GET /
Wed Nov 28 2018 20:51:21 GMT-0800 (Pacific Standard Time): GET /css/mainStyle.css
Wed Nov 28 2018 20:51:21 GMT-0800 (Pacific Standard Time): GET /images/popAdLogo2.png
Wed Nov 28 2018 20:51:21 GMT-0800 (Pacific Standard Time): GET /favicon.ico
Wed Nov 28 2018 20:51:21 GMT-0800 (Pacific Standard Time): GET /images/road2.jpg
Wed Nov 28 2018 20:51:21 GMT-0800 (Pacific Standard Time): GET /
Wed Nov 28 2018 20:51:22 GMT-0800 (Pacific Standard Time): GET /css/mainStyle.css
Wed Nov 28 2018 20:51:22 GMT-0800 (Pacific Standard Time): GET /images/popAdLogo2.png
Wed Nov 28 2018 20:51:22 GMT-0800 (Pacific Standard Time): GET /favicon.ico
Wed Nov 28 2018 20:51:22 GMT-0800 (Pacific Standard Time): GET /images/road2.jpg
Wed Nov 28 2018 20:51:29 GMT-0800 (Pacific Standard Time): GET /
Wed Nov 28 2018 20:51:29 GMT-0800 (Pacific Standard Time): GET /css/mainStyle.css
Wed Nov 28 2018 20:51:29 GMT-0800 (Pacific Standard Time): GET /images/popAdLogo2.png
Wed Nov 28 2018 20:51:29 GMT-0800 (Pacific Standard Time): GET /favicon.ico
Wed Nov 28 2018 20:51:29 GMT-0800 (Pacific Standard Time): GET /images/road2.jpg
Wed Nov 28 2018 20:51:30 GMT-0800 (Pacific Standard Time): GET /
Wed Nov 28 2018 20:51:30 GMT-0800 (Pacific Standard Time): GET /css/mainStyle.css
Wed Nov 28 2018 20:51:30 GMT-0800 (Pacific Standard Time): GET /images/popAdLogo2.png
Wed Nov 28 2018 20:51:30 GMT-0800 (Pacific Standard Time): GET /favicon.ico
Wed Nov 28 2018 20:51:30 GMT-0800 (Pacific Standard Time): GET /images/road2.jpg
Wed Nov 28 2018 20:52:30 GMT-0800 (Pacific Standard Time): GET /
Wed Nov 28 2018 20:52:30 GMT-0800 (Pacific Standard Time): GET /css/mainStyle.css
Wed Nov 28 2018 20:52:30 GMT-0800 (Pacific Standard Time): GET /images/popAdLogo2.png
Wed Nov 28 2018 20:52:30 GMT-0800 (Pacific Standard Time): GET /favicon.ico
Wed Nov 28 2018 20:52:30 GMT-0800 (Pacific Standard Time): GET /images/road2.jpg
Wed Nov 28 2018 20:52:31 GMT-0800 (Pacific Standard Time): GET /
Wed Nov 28 2018 20:52:31 GMT-0800 (Pacific Standard Time): GET /css/mainStyle.css
Wed Nov 28 2018 20:52:31 GMT-0800 (Pacific Standard Time): GET /images/popAdLogo2.png
Wed Nov 28 2018 20:52:31 GMT-0800 (Pacific Standard Time): GET /favicon.ico
Wed Nov 28 2018 20:52:31 GMT-0800 (Pacific Standard Time): GET /images/road2.jpg
Wed Nov 28 2018 20:52:48 GMT-0800 (Pacific Standard Time): GET /
Wed Nov 28 2018 20:52:48 GMT-0800 (Pacific Standard Time): GET /css/mainStyle.css
Wed Nov 28 2018 20:52:48 GMT-0800 (Pacific Standard Time): GET /images/popAdLogo2.png
Wed Nov 28 2018 20:52:48 GMT-0800 (Pacific Standard Time): GET /favicon.ico
Wed Nov 28 2018 20:52:48 GMT-0800 (Pacific Standard Time): GET /images/road2.jpg
Wed Nov 28 2018 20:52:56 GMT-0800 (Pacific Standard Time): GET /
Wed Nov 28 2018 20:52:56 GMT-0800 (Pacific Standard Time): GET /css/mainStyle.css
Wed Nov 28 2018 20:52:56 GMT-0800 (Pacific Standard Time): GET /images/popAdLogo2.png
Wed Nov 28 2018 20:52:56 GMT-0800 (Pacific Standard Time): GET /favicon.ico
Wed Nov 28 2018 20:52:56 GMT-0800 (Pacific Standard Time): GET /images/road2.jpg
Wed Nov 28 2018 20:53:05 GMT-0800 (Pacific Standard Time): GET /
Wed Nov 28 2018 20:53:05 GMT-0800 (Pacific Standard Time): GET /css/mainStyle.css
Wed Nov 28 2018 20:53:05 GMT-0800 (Pacific Standard Time): GET /images/popAdLogo2.png
Wed Nov 28 2018 20:53:05 GMT-0800 (Pacific Standard Time): GET /images/road2.jpg
Wed Nov 28 2018 20:53:06 GMT-0800 (Pacific Standard Time): GET /favicon.ico
Wed Nov 28 2018 20:53:57 GMT-0800 (Pacific Standard Time): GET /
Wed Nov 28 2018 20:53:58 GMT-0800 (Pacific Standard Time): GET /css/mainStyle.css
Wed Nov 28 2018 20:53:58 GMT-0800 (Pacific Standard Time): GET /images/popAdLogo2.png
Wed Nov 28 2018 20:53:58 GMT-0800 (Pacific Standard Time): GET /favicon.ico
Wed Nov 28 2018 20:53:58 GMT-0800 (Pacific Standard Time): GET /images/road2.jpg
Wed Nov 28 2018 20:54:29 GMT-0800 (Pacific Standard Time): GET /
Wed Nov 28 2018 20:54:29 GMT-0800 (Pacific Standard Time): GET /css/mainStyle.css
Wed Nov 28 2018 20:54:29 GMT-0800 (Pacific Standard Time): GET /images/popAdLogo2.png
Wed Nov 28 2018 20:54:29 GMT-0800 (Pacific Standard Time): GET /favicon.ico
Wed Nov 28 2018 20:54:29 GMT-0800 (Pacific Standard Time): GET /images/road2.jpg
Wed Nov 28 2018 20:54:30 GMT-0800 (Pacific Standard Time): GET /
Wed Nov 28 2018 20:54:30 GMT-0800 (Pacific Standard Time): GET /css/mainStyle.css
Wed Nov 28 2018 20:54:30 GMT-0800 (Pacific Standard Time): GET /images/popAdLogo2.png
Wed Nov 28 2018 20:54:30 GMT-0800 (Pacific Standard Time): GET /favicon.ico
Wed Nov 28 2018 20:54:30 GMT-0800 (Pacific Standard Time): GET /images/road2.jpg
Wed Nov 28 2018 20:54:47 GMT-0800 (Pacific Standard Time): GET /
Wed Nov 28 2018 20:54:47 GMT-0800 (Pacific Standard Time): GET /css/mainStyle.css
Wed Nov 28 2018 20:54:47 GMT-0800 (Pacific Standard Time): GET /images/popAdLogo2.png
Wed Nov 28 2018 20:54:47 GMT-0800 (Pacific Standard Time): GET /favicon.ico
Wed Nov 28 2018 20:54:47 GMT-0800 (Pacific Standard Time): GET /images/road2.jpg
Wed Nov 28 2018 20:54:57 GMT-0800 (Pacific Standard Time): GET /
Wed Nov 28 2018 20:54:58 GMT-0800 (Pacific Standard Time): GET /css/mainStyle.css
Wed Nov 28 2018 20:54:58 GMT-0800 (Pacific Standard Time): GET /images/popAdLogo2.png
Wed Nov 28 2018 20:54:58 GMT-0800 (Pacific Standard Time): GET /favicon.ico
Wed Nov 28 2018 20:54:58 GMT-0800 (Pacific Standard Time): GET /images/road2.jpg
Wed Nov 28 2018 20:55:12 GMT-0800 (Pacific Standard Time): GET /
Wed Nov 28 2018 20:55:12 GMT-0800 (Pacific Standard Time): GET /css/mainStyle.css
Wed Nov 28 2018 20:55:12 GMT-0800 (Pacific Standard Time): GET /images/popAdLogo2.png
Wed Nov 28 2018 20:55:12 GMT-0800 (Pacific Standard Time): GET /favicon.ico
Wed Nov 28 2018 20:55:12 GMT-0800 (Pacific Standard Time): GET /images/road2.jpg
Wed Nov 28 2018 20:55:19 GMT-0800 (Pacific Standard Time): GET /
Wed Nov 28 2018 20:55:19 GMT-0800 (Pacific Standard Time): GET /css/mainStyle.css
Wed Nov 28 2018 20:55:19 GMT-0800 (Pacific Standard Time): GET /images/popAdLogo2.png
Wed Nov 28 2018 20:55:19 GMT-0800 (Pacific Standard Time): GET /favicon.ico
Wed Nov 28 2018 20:55:19 GMT-0800 (Pacific Standard Time): GET /images/road2.jpg
Wed Nov 28 2018 20:55:29 GMT-0800 (Pacific Standard Time): GET /
Wed Nov 28 2018 20:55:29 GMT-0800 (Pacific Standard Time): GET /css/mainStyle.css
Wed Nov 28 2018 20:55:29 GMT-0800 (Pacific Standard Time): GET /images/popAdLogo2.png
Wed Nov 28 2018 20:55:29 GMT-0800 (Pacific Standard Time): GET /favicon.ico
Wed Nov 28 2018 20:55:29 GMT-0800 (Pacific Standard Time): GET /images/road2.jpg
Wed Nov 28 2018 20:55:36 GMT-0800 (Pacific Standard Time): GET /
Wed Nov 28 2018 20:55:36 GMT-0800 (Pacific Standard Time): GET /css/mainStyle.css
Wed Nov 28 2018 20:55:36 GMT-0800 (Pacific Standard Time): GET /images/popAdLogo2.png
Wed Nov 28 2018 20:55:36 GMT-0800 (Pacific Standard Time): GET /favicon.ico
Wed Nov 28 2018 20:55:37 GMT-0800 (Pacific Standard Time): GET /images/road2.jpg
Wed Nov 28 2018 20:55:46 GMT-0800 (Pacific Standard Time): GET /
Wed Nov 28 2018 20:55:46 GMT-0800 (Pacific Standard Time): GET /css/mainStyle.css
Wed Nov 28 2018 20:55:46 GMT-0800 (Pacific Standard Time): GET /images/popAdLogo2.png
Wed Nov 28 2018 20:55:46 GMT-0800 (Pacific Standard Time): GET /favicon.ico
Wed Nov 28 2018 20:55:46 GMT-0800 (Pacific Standard Time): GET /images/road2.jpg
Wed Nov 28 2018 20:55:54 GMT-0800 (Pacific Standard Time): GET /
Wed Nov 28 2018 20:55:54 GMT-0800 (Pacific Standard Time): GET /css/mainStyle.css
Wed Nov 28 2018 20:55:54 GMT-0800 (Pacific Standard Time): GET /images/popAdLogo2.png
Wed Nov 28 2018 20:55:54 GMT-0800 (Pacific Standard Time): GET /favicon.ico
Wed Nov 28 2018 20:55:54 GMT-0800 (Pacific Standard Time): GET /images/road2.jpg
Wed Nov 28 2018 20:56:07 GMT-0800 (Pacific Standard Time): GET /
Wed Nov 28 2018 20:56:07 GMT-0800 (Pacific Standard Time): GET /css/mainStyle.css
Wed Nov 28 2018 20:56:07 GMT-0800 (Pacific Standard Time): GET /images/popAdLogo2.png
Wed Nov 28 2018 20:56:07 GMT-0800 (Pacific Standard Time): GET /favicon.ico
Wed Nov 28 2018 20:56:07 GMT-0800 (Pacific Standard Time): GET /images/road2.jpg
Wed Nov 28 2018 20:56:14 GMT-0800 (Pacific Standard Time): GET /
Wed Nov 28 2018 20:56:14 GMT-0800 (Pacific Standard Time): GET /css/mainStyle.css
Wed Nov 28 2018 20:56:14 GMT-0800 (Pacific Standard Time): GET /images/popAdLogo2.png
Wed Nov 28 2018 20:56:14 GMT-0800 (Pacific Standard Time): GET /favicon.ico
Wed Nov 28 2018 20:56:14 GMT-0800 (Pacific Standard Time): GET /images/road2.jpg
Wed Nov 28 2018 20:56:20 GMT-0800 (Pacific Standard Time): GET /
Wed Nov 28 2018 20:56:20 GMT-0800 (Pacific Standard Time): GET /css/mainStyle.css
Wed Nov 28 2018 20:56:20 GMT-0800 (Pacific Standard Time): GET /images/popAdLogo2.png
Wed Nov 28 2018 20:56:20 GMT-0800 (Pacific Standard Time): GET /favicon.ico
Wed Nov 28 2018 20:56:20 GMT-0800 (Pacific Standard Time): GET /images/road2.jpg
Wed Nov 28 2018 20:56:36 GMT-0800 (Pacific Standard Time): GET /
Wed Nov 28 2018 20:56:36 GMT-0800 (Pacific Standard Time): GET /css/mainStyle.css
Wed Nov 28 2018 20:56:36 GMT-0800 (Pacific Standard Time): GET /images/popAdLogo2.png
Wed Nov 28 2018 20:56:36 GMT-0800 (Pacific Standard Time): GET /favicon.ico
Wed Nov 28 2018 20:56:36 GMT-0800 (Pacific Standard Time): GET /images/road2.jpg
Wed Nov 28 2018 20:56:51 GMT-0800 (Pacific Standard Time): GET /
Wed Nov 28 2018 20:56:51 GMT-0800 (Pacific Standard Time): GET /css/mainStyle.css
Wed Nov 28 2018 20:56:51 GMT-0800 (Pacific Standard Time): GET /images/popAdLogo2.png
Wed Nov 28 2018 20:56:51 GMT-0800 (Pacific Standard Time): GET /favicon.ico
Wed Nov 28 2018 20:56:51 GMT-0800 (Pacific Standard Time): GET /images/road2.jpg
Wed Nov 28 2018 20:57:01 GMT-0800 (Pacific Standard Time): GET /
Wed Nov 28 2018 20:57:01 GMT-0800 (Pacific Standard Time): GET /css/mainStyle.css
Wed Nov 28 2018 20:57:01 GMT-0800 (Pacific Standard Time): GET /images/popAdLogo2.png
Wed Nov 28 2018 20:57:01 GMT-0800 (Pacific Standard Time): GET /favicon.ico
Wed Nov 28 2018 20:57:01 GMT-0800 (Pacific Standard Time): GET /images/road2.jpg
Wed Nov 28 2018 20:57:10 GMT-0800 (Pacific Standard Time): GET /favicon.ico
Wed Nov 28 2018 20:57:26 GMT-0800 (Pacific Standard Time): GET /
Wed Nov 28 2018 20:57:26 GMT-0800 (Pacific Standard Time): GET /css/mainStyle.css
Wed Nov 28 2018 20:57:26 GMT-0800 (Pacific Standard Time): GET /images/popAdLogo2.png
Wed Nov 28 2018 20:57:26 GMT-0800 (Pacific Standard Time): GET /favicon.ico
Wed Nov 28 2018 20:57:26 GMT-0800 (Pacific Standard Time): GET /images/road2.jpg
Wed Nov 28 2018 20:57:27 GMT-0800 (Pacific Standard Time): GET /
Wed Nov 28 2018 20:57:27 GMT-0800 (Pacific Standard Time): GET /css/mainStyle.css
Wed Nov 28 2018 20:57:27 GMT-0800 (Pacific Standard Time): GET /images/popAdLogo2.png
Wed Nov 28 2018 20:57:27 GMT-0800 (Pacific Standard Time): GET /favicon.ico
Wed Nov 28 2018 20:57:27 GMT-0800 (Pacific Standard Time): GET /images/road2.jpg
Wed Nov 28 2018 20:58:01 GMT-0800 (Pacific Standard Time): GET /
Wed Nov 28 2018 20:58:01 GMT-0800 (Pacific Standard Time): GET /css/mainStyle.css
Wed Nov 28 2018 20:58:01 GMT-0800 (Pacific Standard Time): GET /images/popAdLogo2.png
Wed Nov 28 2018 20:58:01 GMT-0800 (Pacific Standard Time): GET /favicon.ico
Wed Nov 28 2018 20:58:01 GMT-0800 (Pacific Standard Time): GET /images/road2.jpg
Wed Nov 28 2018 20:58:09 GMT-0800 (Pacific Standard Time): GET /
Wed Nov 28 2018 20:58:09 GMT-0800 (Pacific Standard Time): GET /css/mainStyle.css
Wed Nov 28 2018 20:58:09 GMT-0800 (Pacific Standard Time): GET /images/popAdLogo2.png
Wed Nov 28 2018 20:58:09 GMT-0800 (Pacific Standard Time): GET /favicon.ico
Wed Nov 28 2018 20:58:09 GMT-0800 (Pacific Standard Time): GET /images/road2.jpg
Wed Nov 28 2018 21:00:04 GMT-0800 (Pacific Standard Time): GET /
Wed Nov 28 2018 21:00:04 GMT-0800 (Pacific Standard Time): GET /css/mainStyle.css
Wed Nov 28 2018 21:00:04 GMT-0800 (Pacific Standard Time): GET /images/popAdLogo3.png
Wed Nov 28 2018 21:00:04 GMT-0800 (Pacific Standard Time): GET /favicon.ico
Wed Nov 28 2018 21:00:04 GMT-0800 (Pacific Standard Time): GET /images/road2.jpg
Wed Nov 28 2018 21:00:50 GMT-0800 (Pacific Standard Time): GET /
Wed Nov 28 2018 21:00:50 GMT-0800 (Pacific Standard Time): GET /css/mainStyle.css
Wed Nov 28 2018 21:00:50 GMT-0800 (Pacific Standard Time): GET /images/popAdLogo4.png
Wed Nov 28 2018 21:00:50 GMT-0800 (Pacific Standard Time): GET /favicon.ico
Wed Nov 28 2018 21:00:50 GMT-0800 (Pacific Standard Time): GET /images/road2.jpg
Wed Nov 28 2018 21:01:29 GMT-0800 (Pacific Standard Time): GET /
Wed Nov 28 2018 21:01:29 GMT-0800 (Pacific Standard Time): GET /css/mainStyle.css
Wed Nov 28 2018 21:01:29 GMT-0800 (Pacific Standard Time): GET /images/popAdLogo4.png
Wed Nov 28 2018 21:01:29 GMT-0800 (Pacific Standard Time): GET /favicon.ico
Wed Nov 28 2018 21:01:29 GMT-0800 (Pacific Standard Time): GET /images/road2.jpg
Wed Nov 28 2018 21:01:57 GMT-0800 (Pacific Standard Time): GET /
Wed Nov 28 2018 21:01:57 GMT-0800 (Pacific Standard Time): GET /css/mainStyle.css
Wed Nov 28 2018 21:01:57 GMT-0800 (Pacific Standard Time): GET /images/popAdLogo4.png
Wed Nov 28 2018 21:01:57 GMT-0800 (Pacific Standard Time): GET /favicon.ico
Wed Nov 28 2018 21:01:57 GMT-0800 (Pacific Standard Time): GET /images/road2.jpg
Wed Nov 28 2018 21:02:13 GMT-0800 (Pacific Standard Time): GET /
Wed Nov 28 2018 21:02:13 GMT-0800 (Pacific Standard Time): GET /css/mainStyle.css
Wed Nov 28 2018 21:02:13 GMT-0800 (Pacific Standard Time): GET /images/popAdLogo4.png
Wed Nov 28 2018 21:02:13 GMT-0800 (Pacific Standard Time): GET /favicon.ico
Wed Nov 28 2018 21:02:13 GMT-0800 (Pacific Standard Time): GET /images/road2.jpg
Wed Nov 28 2018 21:03:37 GMT-0800 (Pacific Standard Time): GET /
Wed Nov 28 2018 21:03:37 GMT-0800 (Pacific Standard Time): GET /css/mainStyle.css
Wed Nov 28 2018 21:03:37 GMT-0800 (Pacific Standard Time): GET /images/popAdLogo4.png
Wed Nov 28 2018 21:03:37 GMT-0800 (Pacific Standard Time): GET /favicon.ico
Wed Nov 28 2018 21:03:37 GMT-0800 (Pacific Standard Time): GET /images/road2.jpg
Wed Nov 28 2018 21:04:29 GMT-0800 (Pacific Standard Time): GET /
Wed Nov 28 2018 21:04:29 GMT-0800 (Pacific Standard Time): GET /css/mainStyle.css
Wed Nov 28 2018 21:04:29 GMT-0800 (Pacific Standard Time): GET /images/popAdLogo4.png
Wed Nov 28 2018 21:04:29 GMT-0800 (Pacific Standard Time): GET /favicon.ico
Wed Nov 28 2018 21:04:29 GMT-0800 (Pacific Standard Time): GET /images/road2.jpg
Wed Nov 28 2018 21:06:51 GMT-0800 (Pacific Standard Time): GET /
Wed Nov 28 2018 21:06:51 GMT-0800 (Pacific Standard Time): GET /css/mainStyle.css
Wed Nov 28 2018 21:06:51 GMT-0800 (Pacific Standard Time): GET /images/popAdLogo4.png
Wed Nov 28 2018 21:06:51 GMT-0800 (Pacific Standard Time): GET /favicon.ico
Wed Nov 28 2018 21:06:51 GMT-0800 (Pacific Standard Time): GET /images/road2.jpg
Wed Nov 28 2018 21:07:33 GMT-0800 (Pacific Standard Time): GET /
Wed Nov 28 2018 21:07:33 GMT-0800 (Pacific Standard Time): GET /css/mainStyle.css
Wed Nov 28 2018 21:07:33 GMT-0800 (Pacific Standard Time): GET /images/popAdLogo4.png
Wed Nov 28 2018 21:07:33 GMT-0800 (Pacific Standard Time): GET /favicon.ico
Wed Nov 28 2018 21:07:33 GMT-0800 (Pacific Standard Time): GET /images/road2.jpg
Wed Nov 28 2018 21:07:33 GMT-0800 (Pacific Standard Time): GET /
Wed Nov 28 2018 21:07:33 GMT-0800 (Pacific Standard Time): GET /css/mainStyle.css
Wed Nov 28 2018 21:07:33 GMT-0800 (Pacific Standard Time): GET /images/popAdLogo4.png
Wed Nov 28 2018 21:07:33 GMT-0800 (Pacific Standard Time): GET /favicon.ico
Wed Nov 28 2018 21:07:33 GMT-0800 (Pacific Standard Time): GET /images/road2.jpg
Wed Nov 28 2018 21:08:26 GMT-0800 (Pacific Standard Time): GET /
Wed Nov 28 2018 21:08:26 GMT-0800 (Pacific Standard Time): GET /css/mainStyle.css
Wed Nov 28 2018 21:08:26 GMT-0800 (Pacific Standard Time): GET /images/popAdLogo4.png
Wed Nov 28 2018 21:08:26 GMT-0800 (Pacific Standard Time): GET /favicon.ico
Wed Nov 28 2018 21:08:26 GMT-0800 (Pacific Standard Time): GET /images/road2.jpg
Wed Nov 28 2018 21:08:59 GMT-0800 (Pacific Standard Time): GET /
Wed Nov 28 2018 21:08:59 GMT-0800 (Pacific Standard Time): GET /css/mainStyle.css
Wed Nov 28 2018 21:08:59 GMT-0800 (Pacific Standard Time): GET /images/popAdLogo4.png
Wed Nov 28 2018 21:08:59 GMT-0800 (Pacific Standard Time): GET /favicon.ico
Wed Nov 28 2018 21:08:59 GMT-0800 (Pacific Standard Time): GET /images/road2.jpg
Wed Nov 28 2018 21:09:46 GMT-0800 (Pacific Standard Time): GET /
Wed Nov 28 2018 21:09:46 GMT-0800 (Pacific Standard Time): GET /css/mainStyle.css
Wed Nov 28 2018 21:09:46 GMT-0800 (Pacific Standard Time): GET /images/popAdLogo4.png
Wed Nov 28 2018 21:09:46 GMT-0800 (Pacific Standard Time): GET /favicon.ico
Wed Nov 28 2018 21:09:46 GMT-0800 (Pacific Standard Time): GET /images/road2.jpg
Wed Nov 28 2018 21:10:20 GMT-0800 (Pacific Standard Time): GET /
Wed Nov 28 2018 21:10:20 GMT-0800 (Pacific Standard Time): GET /css/mainStyle.css
Wed Nov 28 2018 21:10:20 GMT-0800 (Pacific Standard Time): GET /images/popAdLogo4.png
Wed Nov 28 2018 21:10:20 GMT-0800 (Pacific Standard Time): GET /images/road2.jpg
Wed Nov 28 2018 21:10:20 GMT-0800 (Pacific Standard Time): GET /favicon.ico
Wed Nov 28 2018 21:10:35 GMT-0800 (Pacific Standard Time): GET /
Wed Nov 28 2018 21:10:35 GMT-0800 (Pacific Standard Time): GET /css/mainStyle.css
Wed Nov 28 2018 21:10:35 GMT-0800 (Pacific Standard Time): GET /images/popAdLogo4.png
Wed Nov 28 2018 21:10:35 GMT-0800 (Pacific Standard Time): GET /favicon.ico
Wed Nov 28 2018 21:10:35 GMT-0800 (Pacific Standard Time): GET /images/road2.jpg
Wed Nov 28 2018 21:11:55 GMT-0800 (Pacific Standard Time): GET /
Wed Nov 28 2018 21:11:55 GMT-0800 (Pacific Standard Time): GET /css/mainStyle.css
Wed Nov 28 2018 21:11:55 GMT-0800 (Pacific Standard Time): GET /images/popAdLogo4.png
Wed Nov 28 2018 21:11:55 GMT-0800 (Pacific Standard Time): GET /favicon.ico
Wed Nov 28 2018 21:11:55 GMT-0800 (Pacific Standard Time): GET /images/road2.jpg
Wed Nov 28 2018 21:12:02 GMT-0800 (Pacific Standard Time): GET /
Wed Nov 28 2018 21:12:03 GMT-0800 (Pacific Standard Time): GET /css/mainStyle.css
Wed Nov 28 2018 21:12:03 GMT-0800 (Pacific Standard Time): GET /images/popAdLogo4.png
Wed Nov 28 2018 21:12:03 GMT-0800 (Pacific Standard Time): GET /favicon.ico
Wed Nov 28 2018 21:12:03 GMT-0800 (Pacific Standard Time): GET /images/road2.jpg
Wed Nov 28 2018 21:12:03 GMT-0800 (Pacific Standard Time): GET /
Wed Nov 28 2018 21:12:03 GMT-0800 (Pacific Standard Time): GET /css/mainStyle.css
Wed Nov 28 2018 21:12:03 GMT-0800 (Pacific Standard Time): GET /images/popAdLogo4.png
Wed Nov 28 2018 21:12:03 GMT-0800 (Pacific Standard Time): GET /favicon.ico
Wed Nov 28 2018 21:12:03 GMT-0800 (Pacific Standard Time): GET /images/road2.jpg
Wed Nov 28 2018 21:13:16 GMT-0800 (Pacific Standard Time): GET /
Wed Nov 28 2018 21:13:16 GMT-0800 (Pacific Standard Time): GET /css/mainStyle.css
Wed Nov 28 2018 21:13:16 GMT-0800 (Pacific Standard Time): GET /images/popAdLogo4.png
Wed Nov 28 2018 21:13:16 GMT-0800 (Pacific Standard Time): GET /favicon.ico
Wed Nov 28 2018 21:13:16 GMT-0800 (Pacific Standard Time): GET /images/road2.jpg
Wed Nov 28 2018 21:13:17 GMT-0800 (Pacific Standard Time): GET /
Wed Nov 28 2018 21:13:17 GMT-0800 (Pacific Standard Time): GET /css/mainStyle.css
Wed Nov 28 2018 21:13:17 GMT-0800 (Pacific Standard Time): GET /images/popAdLogo4.png
Wed Nov 28 2018 21:13:17 GMT-0800 (Pacific Standard Time): GET /favicon.ico
Wed Nov 28 2018 21:13:17 GMT-0800 (Pacific Standard Time): GET /images/road2.jpg
Wed Nov 28 2018 21:19:08 GMT-0800 (Pacific Standard Time): GET /
Wed Nov 28 2018 21:19:08 GMT-0800 (Pacific Standard Time): GET /css/mainStyle.css
Wed Nov 28 2018 21:19:08 GMT-0800 (Pacific Standard Time): GET /images/popAdLogo4.png
Wed Nov 28 2018 21:19:08 GMT-0800 (Pacific Standard Time): GET /favicon.ico
Wed Nov 28 2018 21:19:08 GMT-0800 (Pacific Standard Time): GET /images/road2-1.jpg
Wed Nov 28 2018 21:19:16 GMT-0800 (Pacific Standard Time): GET /
Wed Nov 28 2018 21:19:16 GMT-0800 (Pacific Standard Time): GET /css/mainStyle.css
Wed Nov 28 2018 21:19:16 GMT-0800 (Pacific Standard Time): GET /images/popAdLogo4.png
Wed Nov 28 2018 21:19:16 GMT-0800 (Pacific Standard Time): GET /favicon.ico
Wed Nov 28 2018 21:19:16 GMT-0800 (Pacific Standard Time): GET /images/road2-1.jpg
Wed Nov 28 2018 21:20:12 GMT-0800 (Pacific Standard Time): GET /
Wed Nov 28 2018 21:20:12 GMT-0800 (Pacific Standard Time): GET /css/mainStyle.css
Wed Nov 28 2018 21:20:12 GMT-0800 (Pacific Standard Time): GET /images/popAdLogo4.png
Wed Nov 28 2018 21:20:12 GMT-0800 (Pacific Standard Time): GET /favicon.ico
Wed Nov 28 2018 21:20:12 GMT-0800 (Pacific Standard Time): GET /images/road2-1.jpg
Wed Nov 28 2018 21:20:23 GMT-0800 (Pacific Standard Time): GET /
Wed Nov 28 2018 21:20:23 GMT-0800 (Pacific Standard Time): GET /css/mainStyle.css
Wed Nov 28 2018 21:20:23 GMT-0800 (Pacific Standard Time): GET /images/popAdLogo4.png
Wed Nov 28 2018 21:20:23 GMT-0800 (Pacific Standard Time): GET /favicon.ico
Wed Nov 28 2018 21:20:23 GMT-0800 (Pacific Standard Time): GET /images/road2-1.jpg
Wed Nov 28 2018 21:20:58 GMT-0800 (Pacific Standard Time): GET /
Wed Nov 28 2018 21:20:58 GMT-0800 (Pacific Standard Time): GET /css/mainStyle.css
Wed Nov 28 2018 21:20:58 GMT-0800 (Pacific Standard Time): GET /images/popAdLogo4.png
Wed Nov 28 2018 21:20:58 GMT-0800 (Pacific Standard Time): GET /favicon.ico
Wed Nov 28 2018 21:20:58 GMT-0800 (Pacific Standard Time): GET /images/road2-1.jpg
Wed Nov 28 2018 21:21:30 GMT-0800 (Pacific Standard Time): GET /
Wed Nov 28 2018 21:21:30 GMT-0800 (Pacific Standard Time): GET /css/mainStyle.css
Wed Nov 28 2018 21:21:30 GMT-0800 (Pacific Standard Time): GET /images/popAdLogo4.png
Wed Nov 28 2018 21:21:30 GMT-0800 (Pacific Standard Time): GET /favicon.ico
Wed Nov 28 2018 21:21:30 GMT-0800 (Pacific Standard Time): GET /images/road2-1.jpg
Wed Nov 28 2018 21:21:52 GMT-0800 (Pacific Standard Time): GET /favicon.ico
Wed Nov 28 2018 21:21:53 GMT-0800 (Pacific Standard Time): GET /
Wed Nov 28 2018 21:21:53 GMT-0800 (Pacific Standard Time): GET /css/mainStyle.css
Wed Nov 28 2018 21:21:53 GMT-0800 (Pacific Standard Time): GET /images/popAdLogo4.png
Wed Nov 28 2018 21:21:53 GMT-0800 (Pacific Standard Time): GET /favicon.ico
Wed Nov 28 2018 21:21:53 GMT-0800 (Pacific Standard Time): GET /images/road2-1.jpg
Wed Nov 28 2018 21:36:36 GMT-0800 (Pacific Standard Time): GET /
Wed Nov 28 2018 21:36:36 GMT-0800 (Pacific Standard Time): GET /css/mainStyle.css
Wed Nov 28 2018 21:36:36 GMT-0800 (Pacific Standard Time): GET /images/popAdLogo4.png
Wed Nov 28 2018 21:36:36 GMT-0800 (Pacific Standard Time): GET /images/road2-1.jpg
Wed Nov 28 2018 21:36:36 GMT-0800 (Pacific Standard Time): GET /favicon.ico
Wed Nov 28 2018 21:36:37 GMT-0800 (Pacific Standard Time): GET /
Wed Nov 28 2018 21:36:37 GMT-0800 (Pacific Standard Time): GET /css/mainStyle.css
Wed Nov 28 2018 21:36:37 GMT-0800 (Pacific Standard Time): GET /images/popAdLogo4.png
Wed Nov 28 2018 21:36:37 GMT-0800 (Pacific Standard Time): GET /favicon.ico
Wed Nov 28 2018 21:36:37 GMT-0800 (Pacific Standard Time): GET /images/road2-1.jpg
Wed Nov 28 2018 21:36:38 GMT-0800 (Pacific Standard Time): GET /
Wed Nov 28 2018 21:36:38 GMT-0800 (Pacific Standard Time): GET /css/mainStyle.css
Wed Nov 28 2018 21:36:38 GMT-0800 (Pacific Standard Time): GET /images/popAdLogo4.png
Wed Nov 28 2018 21:36:38 GMT-0800 (Pacific Standard Time): GET /favicon.ico
Wed Nov 28 2018 21:36:38 GMT-0800 (Pacific Standard Time): GET /images/road2-1.jpg
Wed Nov 28 2018 21:37:58 GMT-0800 (Pacific Standard Time): GET /
Wed Nov 28 2018 21:37:58 GMT-0800 (Pacific Standard Time): GET /css/mainStyle.css
Wed Nov 28 2018 21:37:58 GMT-0800 (Pacific Standard Time): GET /images/popAdLogo4.png
Wed Nov 28 2018 21:37:58 GMT-0800 (Pacific Standard Time): GET /favicon.ico
Wed Nov 28 2018 21:37:58 GMT-0800 (Pacific Standard Time): GET /images/road2-1.jpg
Wed Nov 28 2018 21:37:59 GMT-0800 (Pacific Standard Time): GET /
Wed Nov 28 2018 21:37:59 GMT-0800 (Pacific Standard Time): GET /css/mainStyle.css
Wed Nov 28 2018 21:37:59 GMT-0800 (Pacific Standard Time): GET /images/popAdLogo4.png
Wed Nov 28 2018 21:37:59 GMT-0800 (Pacific Standard Time): GET /favicon.ico
Wed Nov 28 2018 21:37:59 GMT-0800 (Pacific Standard Time): GET /images/road2-1.jpg
Wed Nov 28 2018 21:39:43 GMT-0800 (Pacific Standard Time): GET /
Wed Nov 28 2018 21:39:43 GMT-0800 (Pacific Standard Time): GET /css/mainStyle.css
Wed Nov 28 2018 21:39:43 GMT-0800 (Pacific Standard Time): GET /images/popAdLogo4.png
Wed Nov 28 2018 21:39:43 GMT-0800 (Pacific Standard Time): GET /favicon.ico
Wed Nov 28 2018 21:39:43 GMT-0800 (Pacific Standard Time): GET /images/road2-1.jpg
Wed Nov 28 2018 21:39:44 GMT-0800 (Pacific Standard Time): GET /
Wed Nov 28 2018 21:39:44 GMT-0800 (Pacific Standard Time): GET /css/mainStyle.css
Wed Nov 28 2018 21:39:44 GMT-0800 (Pacific Standard Time): GET /images/popAdLogo4.png
Wed Nov 28 2018 21:39:44 GMT-0800 (Pacific Standard Time): GET /favicon.ico
Wed Nov 28 2018 21:39:44 GMT-0800 (Pacific Standard Time): GET /images/road2-1.jpg
Wed Nov 28 2018 21:45:40 GMT-0800 (Pacific Standard Time): GET /
Wed Nov 28 2018 21:45:40 GMT-0800 (Pacific Standard Time): GET /css/mainStyle.css
Wed Nov 28 2018 21:45:40 GMT-0800 (Pacific Standard Time): GET /images/popAdLogo4.png
Wed Nov 28 2018 21:45:40 GMT-0800 (Pacific Standard Time): GET /favicon.ico
Wed Nov 28 2018 21:45:40 GMT-0800 (Pacific Standard Time): GET /images/road2-1.jpg
Wed Nov 28 2018 21:45:41 GMT-0800 (Pacific Standard Time): GET /
Wed Nov 28 2018 21:45:41 GMT-0800 (Pacific Standard Time): GET /css/mainStyle.css
Wed Nov 28 2018 21:45:41 GMT-0800 (Pacific Standard Time): GET /images/popAdLogo4.png
Wed Nov 28 2018 21:45:41 GMT-0800 (Pacific Standard Time): GET /favicon.ico
Wed Nov 28 2018 21:45:41 GMT-0800 (Pacific Standard Time): GET /images/road2-1.jpg
Wed Nov 28 2018 21:45:55 GMT-0800 (Pacific Standard Time): GET /
Wed Nov 28 2018 21:45:55 GMT-0800 (Pacific Standard Time): GET /css/mainStyle.css
Wed Nov 28 2018 21:45:55 GMT-0800 (Pacific Standard Time): GET /images/popAdLogo4.png
Wed Nov 28 2018 21:45:55 GMT-0800 (Pacific Standard Time): GET /favicon.ico
Wed Nov 28 2018 21:45:55 GMT-0800 (Pacific Standard Time): GET /images/road2-1.jpg
Wed Nov 28 2018 21:45:56 GMT-0800 (Pacific Standard Time): GET /
Wed Nov 28 2018 21:45:56 GMT-0800 (Pacific Standard Time): GET /css/mainStyle.css
Wed Nov 28 2018 21:45:56 GMT-0800 (Pacific Standard Time): GET /images/popAdLogo4.png
Wed Nov 28 2018 21:45:56 GMT-0800 (Pacific Standard Time): GET /favicon.ico
Wed Nov 28 2018 21:45:56 GMT-0800 (Pacific Standard Time): GET /images/road2-1.jpg
Wed Nov 28 2018 21:46:55 GMT-0800 (Pacific Standard Time): GET /
Wed Nov 28 2018 21:46:55 GMT-0800 (Pacific Standard Time): GET /css/mainStyle.css
Wed Nov 28 2018 21:46:55 GMT-0800 (Pacific Standard Time): GET /images/popAdLogo4.png
Wed Nov 28 2018 21:46:55 GMT-0800 (Pacific Standard Time): GET /favicon.ico
Wed Nov 28 2018 21:46:55 GMT-0800 (Pacific Standard Time): GET /images/road2-1.jpg
Wed Nov 28 2018 21:47:20 GMT-0800 (Pacific Standard Time): GET /
Wed Nov 28 2018 21:47:20 GMT-0800 (Pacific Standard Time): GET /css/mainStyle.css
Wed Nov 28 2018 21:47:20 GMT-0800 (Pacific Standard Time): GET /images/popAdLogo4.png
Wed Nov 28 2018 21:47:20 GMT-0800 (Pacific Standard Time): GET /images/road2-1.jpg
Wed Nov 28 2018 21:47:20 GMT-0800 (Pacific Standard Time): GET /favicon.ico
Wed Nov 28 2018 21:47:54 GMT-0800 (Pacific Standard Time): GET /
Wed Nov 28 2018 21:47:54 GMT-0800 (Pacific Standard Time): GET /css/mainStyle.css
Wed Nov 28 2018 21:47:54 GMT-0800 (Pacific Standard Time): GET /images/road2-1.jpg
Wed Nov 28 2018 21:47:54 GMT-0800 (Pacific Standard Time): GET /images/popAdLogo4.png
Wed Nov 28 2018 21:47:54 GMT-0800 (Pacific Standard Time): GET /favicon.ico
Wed Nov 28 2018 21:48:09 GMT-0800 (Pacific Standard Time): GET /
Wed Nov 28 2018 21:48:09 GMT-0800 (Pacific Standard Time): GET /css/mainStyle.css
Wed Nov 28 2018 21:48:09 GMT-0800 (Pacific Standard Time): GET /images/popAdLogo4.png
Wed Nov 28 2018 21:48:09 GMT-0800 (Pacific Standard Time): GET /favicon.ico
Wed Nov 28 2018 21:48:09 GMT-0800 (Pacific Standard Time): GET /images/road2-1.jpg
Wed Nov 28 2018 21:49:28 GMT-0800 (Pacific Standard Time): GET /
Wed Nov 28 2018 21:49:28 GMT-0800 (Pacific Standard Time): GET /css/mainStyle.css
Wed Nov 28 2018 21:49:28 GMT-0800 (Pacific Standard Time): GET /images/popAdLogo4.png
Wed Nov 28 2018 21:49:28 GMT-0800 (Pacific Standard Time): GET /images/road2-1.jpg
Wed Nov 28 2018 21:49:28 GMT-0800 (Pacific Standard Time): GET /favicon.ico
Wed Nov 28 2018 21:50:14 GMT-0800 (Pacific Standard Time): GET /
Wed Nov 28 2018 21:50:14 GMT-0800 (Pacific Standard Time): GET /css/mainStyle.css
Wed Nov 28 2018 21:50:14 GMT-0800 (Pacific Standard Time): GET /images/popAdLogo4.png
Wed Nov 28 2018 21:50:14 GMT-0800 (Pacific Standard Time): GET /favicon.ico
Wed Nov 28 2018 21:50:14 GMT-0800 (Pacific Standard Time): GET /images/road2-1.jpg
Wed Nov 28 2018 21:51:11 GMT-0800 (Pacific Standard Time): GET /
Wed Nov 28 2018 21:51:11 GMT-0800 (Pacific Standard Time): GET /css/mainStyle.css
Wed Nov 28 2018 21:51:11 GMT-0800 (Pacific Standard Time): GET /images/popAdLogo4.png
Wed Nov 28 2018 21:51:11 GMT-0800 (Pacific Standard Time): GET /favicon.ico
Wed Nov 28 2018 21:51:11 GMT-0800 (Pacific Standard Time): GET /images/road2-1.jpg
Wed Nov 28 2018 21:52:17 GMT-0800 (Pacific Standard Time): GET /
Wed Nov 28 2018 21:52:17 GMT-0800 (Pacific Standard Time): GET /css/mainStyle.css
Wed Nov 28 2018 21:52:17 GMT-0800 (Pacific Standard Time): GET /images/popAdLogo4.png
Wed Nov 28 2018 21:52:17 GMT-0800 (Pacific Standard Time): GET /favicon.ico
Wed Nov 28 2018 21:52:17 GMT-0800 (Pacific Standard Time): GET /images/road2-1.jpg
Wed Nov 28 2018 21:52:59 GMT-0800 (Pacific Standard Time): GET /
Wed Nov 28 2018 21:53:00 GMT-0800 (Pacific Standard Time): GET /css/mainStyle.css
Wed Nov 28 2018 21:53:00 GMT-0800 (Pacific Standard Time): GET /images/road2-1.jpg
Wed Nov 28 2018 21:53:00 GMT-0800 (Pacific Standard Time): GET /images/popAdLogo4.png
Wed Nov 28 2018 21:53:00 GMT-0800 (Pacific Standard Time): GET /favicon.ico
Wed Nov 28 2018 21:53:38 GMT-0800 (Pacific Standard Time): GET /
Wed Nov 28 2018 21:53:38 GMT-0800 (Pacific Standard Time): GET /css/mainStyle.css
Wed Nov 28 2018 21:53:38 GMT-0800 (Pacific Standard Time): GET /images/popAdLogo4.png
Wed Nov 28 2018 21:53:38 GMT-0800 (Pacific Standard Time): GET /favicon.ico
Wed Nov 28 2018 21:53:38 GMT-0800 (Pacific Standard Time): GET /images/road2-1.jpg
Wed Nov 28 2018 21:53:46 GMT-0800 (Pacific Standard Time): GET /
Wed Nov 28 2018 21:53:46 GMT-0800 (Pacific Standard Time): GET /css/mainStyle.css
Wed Nov 28 2018 21:53:46 GMT-0800 (Pacific Standard Time): GET /images/popAdLogo4.png
Wed Nov 28 2018 21:53:46 GMT-0800 (Pacific Standard Time): GET /favicon.ico
Wed Nov 28 2018 21:53:46 GMT-0800 (Pacific Standard Time): GET /images/road2-1.jpg
Wed Nov 28 2018 21:54:11 GMT-0800 (Pacific Standard Time): GET /
Wed Nov 28 2018 21:54:11 GMT-0800 (Pacific Standard Time): GET /css/mainStyle.css
Wed Nov 28 2018 21:54:11 GMT-0800 (Pacific Standard Time): GET /images/popAdLogo4.png
Wed Nov 28 2018 21:54:11 GMT-0800 (Pacific Standard Time): GET /favicon.ico
Wed Nov 28 2018 21:54:11 GMT-0800 (Pacific Standard Time): GET /images/road2-1.jpg
Wed Nov 28 2018 21:58:44 GMT-0800 (Pacific Standard Time): GET /
Wed Nov 28 2018 21:58:44 GMT-0800 (Pacific Standard Time): GET /css/mainStyle.css
Wed Nov 28 2018 21:58:44 GMT-0800 (Pacific Standard Time): GET /images/popAdLogo4.png
Wed Nov 28 2018 21:58:44 GMT-0800 (Pacific Standard Time): GET /favicon.ico
Wed Nov 28 2018 21:58:44 GMT-0800 (Pacific Standard Time): GET /images/road2-1.jpg
Wed Nov 28 2018 22:01:27 GMT-0800 (Pacific Standard Time): GET /
Wed Nov 28 2018 22:01:27 GMT-0800 (Pacific Standard Time): GET /css/mainStyle.css
Wed Nov 28 2018 22:01:27 GMT-0800 (Pacific Standard Time): GET /images/popAdLogo4.png
Wed Nov 28 2018 22:01:27 GMT-0800 (Pacific Standard Time): GET /favicon.ico
Wed Nov 28 2018 22:01:27 GMT-0800 (Pacific Standard Time): GET /images/road2-1.jpg
Wed Nov 28 2018 22:01:29 GMT-0800 (Pacific Standard Time): GET /
Wed Nov 28 2018 22:01:29 GMT-0800 (Pacific Standard Time): GET /css/mainStyle.css
Wed Nov 28 2018 22:01:29 GMT-0800 (Pacific Standard Time): GET /images/popAdLogo4.png
Wed Nov 28 2018 22:01:29 GMT-0800 (Pacific Standard Time): GET /favicon.ico
Wed Nov 28 2018 22:01:30 GMT-0800 (Pacific Standard Time): GET /images/road2-1.jpg
Wed Nov 28 2018 22:01:39 GMT-0800 (Pacific Standard Time): GET /
Wed Nov 28 2018 22:01:39 GMT-0800 (Pacific Standard Time): GET /css/mainStyle.css
Wed Nov 28 2018 22:01:39 GMT-0800 (Pacific Standard Time): GET /images/popAdLogo4.png
Wed Nov 28 2018 22:01:39 GMT-0800 (Pacific Standard Time): GET /favicon.ico
Wed Nov 28 2018 22:01:39 GMT-0800 (Pacific Standard Time): GET /images/road2-1.jpg
Wed Nov 28 2018 22:02:23 GMT-0800 (Pacific Standard Time): GET /
Wed Nov 28 2018 22:02:23 GMT-0800 (Pacific Standard Time): GET /css/mainStyle.css
Wed Nov 28 2018 22:02:23 GMT-0800 (Pacific Standard Time): GET /images/popAdLogo4.png
Wed Nov 28 2018 22:02:23 GMT-0800 (Pacific Standard Time): GET /favicon.ico
Wed Nov 28 2018 22:02:24 GMT-0800 (Pacific Standard Time): GET /images/road2-1.jpg
Wed Nov 28 2018 22:02:42 GMT-0800 (Pacific Standard Time): GET /
Wed Nov 28 2018 22:02:42 GMT-0800 (Pacific Standard Time): GET /css/mainStyle.css
Wed Nov 28 2018 22:02:42 GMT-0800 (Pacific Standard Time): GET /images/popAdLogo4.png
Wed Nov 28 2018 22:02:42 GMT-0800 (Pacific Standard Time): GET /favicon.ico
Wed Nov 28 2018 22:02:42 GMT-0800 (Pacific Standard Time): GET /images/road2-1.jpg
Wed Nov 28 2018 22:05:23 GMT-0800 (Pacific Standard Time): GET /
Wed Nov 28 2018 22:05:23 GMT-0800 (Pacific Standard Time): GET /css/mainStyle.css
Wed Nov 28 2018 22:05:23 GMT-0800 (Pacific Standard Time): GET /images/popAdLogo4.png
Wed Nov 28 2018 22:05:23 GMT-0800 (Pacific Standard Time): GET /favicon.ico
Wed Nov 28 2018 22:05:23 GMT-0800 (Pacific Standard Time): GET /images/road2-1.jpg
Wed Nov 28 2018 22:05:43 GMT-0800 (Pacific Standard Time): GET /
Wed Nov 28 2018 22:05:43 GMT-0800 (Pacific Standard Time): GET /css/mainStyle.css
Wed Nov 28 2018 22:05:43 GMT-0800 (Pacific Standard Time): GET /images/popAdLogo4.png
Wed Nov 28 2018 22:05:43 GMT-0800 (Pacific Standard Time): GET /images/road2-1.jpg
Wed Nov 28 2018 22:05:43 GMT-0800 (Pacific Standard Time): GET /favicon.ico
Wed Nov 28 2018 22:07:37 GMT-0800 (Pacific Standard Time): GET /
Wed Nov 28 2018 22:07:37 GMT-0800 (Pacific Standard Time): GET /css/mainStyle.css
Wed Nov 28 2018 22:07:37 GMT-0800 (Pacific Standard Time): GET /images/popAdLogo4.png
Wed Nov 28 2018 22:07:37 GMT-0800 (Pacific Standard Time): GET /favicon.ico
Wed Nov 28 2018 22:07:37 GMT-0800 (Pacific Standard Time): GET /images/road2-1.jpg
Wed Nov 28 2018 22:08:42 GMT-0800 (Pacific Standard Time): GET /
Wed Nov 28 2018 22:08:42 GMT-0800 (Pacific Standard Time): GET /css/mainStyle.css
Wed Nov 28 2018 22:08:42 GMT-0800 (Pacific Standard Time): GET /images/popAdLogo4.png
Wed Nov 28 2018 22:08:42 GMT-0800 (Pacific Standard Time): GET /favicon.ico
Wed Nov 28 2018 22:08:42 GMT-0800 (Pacific Standard Time): GET /images/road2-1.jpg
Wed Nov 28 2018 22:08:54 GMT-0800 (Pacific Standard Time): GET /
Wed Nov 28 2018 22:08:54 GMT-0800 (Pacific Standard Time): GET /css/mainStyle.css
Wed Nov 28 2018 22:08:54 GMT-0800 (Pacific Standard Time): GET /images/popAdLogo4.png
Wed Nov 28 2018 22:08:54 GMT-0800 (Pacific Standard Time): GET /favicon.ico
Wed Nov 28 2018 22:08:54 GMT-0800 (Pacific Standard Time): GET /images/road2-1.jpg
Wed Nov 28 2018 22:10:01 GMT-0800 (Pacific Standard Time): GET /
Wed Nov 28 2018 22:10:01 GMT-0800 (Pacific Standard Time): GET /css/mainStyle.css
Wed Nov 28 2018 22:10:01 GMT-0800 (Pacific Standard Time): GET /images/popAdLogo4.png
Wed Nov 28 2018 22:10:01 GMT-0800 (Pacific Standard Time): GET /images/road2-1.jpg
Wed Nov 28 2018 22:10:01 GMT-0800 (Pacific Standard Time): GET /favicon.ico
Wed Nov 28 2018 22:11:30 GMT-0800 (Pacific Standard Time): GET /
Wed Nov 28 2018 22:11:30 GMT-0800 (Pacific Standard Time): GET /css/mainStyle.css
Wed Nov 28 2018 22:11:30 GMT-0800 (Pacific Standard Time): GET /images/popAdLogo4.png
Wed Nov 28 2018 22:11:30 GMT-0800 (Pacific Standard Time): GET /images/road2-1.jpg
Wed Nov 28 2018 22:11:30 GMT-0800 (Pacific Standard Time): GET /favicon.ico
Wed Nov 28 2018 22:13:45 GMT-0800 (Pacific Standard Time): GET /
Wed Nov 28 2018 22:13:45 GMT-0800 (Pacific Standard Time): GET /css/mainStyle.css
Wed Nov 28 2018 22:13:45 GMT-0800 (Pacific Standard Time): GET /images/popAdLogo4.png
Wed Nov 28 2018 22:13:45 GMT-0800 (Pacific Standard Time): GET /images/road2-1.jpg
Wed Nov 28 2018 22:13:45 GMT-0800 (Pacific Standard Time): GET /favicon.ico
Wed Nov 28 2018 22:14:42 GMT-0800 (Pacific Standard Time): GET /
Wed Nov 28 2018 22:14:43 GMT-0800 (Pacific Standard Time): GET /css/mainStyle.css
Wed Nov 28 2018 22:14:43 GMT-0800 (Pacific Standard Time): GET /images/popAdLogo4.png
Wed Nov 28 2018 22:14:43 GMT-0800 (Pacific Standard Time): GET /favicon.ico
Wed Nov 28 2018 22:14:43 GMT-0800 (Pacific Standard Time): GET /images/road2-1.jpg
Wed Nov 28 2018 22:15:02 GMT-0800 (Pacific Standard Time): GET /
Wed Nov 28 2018 22:15:02 GMT-0800 (Pacific Standard Time): GET /css/mainStyle.css
Wed Nov 28 2018 22:15:02 GMT-0800 (Pacific Standard Time): GET /images/popAdLogo4.png
Wed Nov 28 2018 22:15:02 GMT-0800 (Pacific Standard Time): GET /favicon.ico
Wed Nov 28 2018 22:15:02 GMT-0800 (Pacific Standard Time): GET /images/road2-1.jpg
Wed Nov 28 2018 22:15:15 GMT-0800 (Pacific Standard Time): GET /
Wed Nov 28 2018 22:15:15 GMT-0800 (Pacific Standard Time): GET /css/mainStyle.css
Wed Nov 28 2018 22:15:15 GMT-0800 (Pacific Standard Time): GET /images/popAdLogo4.png
Wed Nov 28 2018 22:15:15 GMT-0800 (Pacific Standard Time): GET /images/road2-1.jpg
Wed Nov 28 2018 22:15:15 GMT-0800 (Pacific Standard Time): GET /favicon.ico
Wed Nov 28 2018 22:15:23 GMT-0800 (Pacific Standard Time): GET /
Wed Nov 28 2018 22:15:23 GMT-0800 (Pacific Standard Time): GET /css/mainStyle.css
Wed Nov 28 2018 22:15:23 GMT-0800 (Pacific Standard Time): GET /images/popAdLogo4.png
Wed Nov 28 2018 22:15:23 GMT-0800 (Pacific Standard Time): GET /favicon.ico
Wed Nov 28 2018 22:15:23 GMT-0800 (Pacific Standard Time): GET /images/road2-1.jpg
Wed Nov 28 2018 22:23:44 GMT-0800 (Pacific Standard Time): GET /
Wed Nov 28 2018 22:23:44 GMT-0800 (Pacific Standard Time): GET /css/mainStyle.css
Wed Nov 28 2018 22:23:44 GMT-0800 (Pacific Standard Time): GET /images/popAdLogo4.png
Wed Nov 28 2018 22:23:44 GMT-0800 (Pacific Standard Time): GET /favicon.ico
Wed Nov 28 2018 22:23:44 GMT-0800 (Pacific Standard Time): GET /images/road2-1.jpg
Wed Nov 28 2018 22:24:17 GMT-0800 (Pacific Standard Time): GET /
Wed Nov 28 2018 22:24:17 GMT-0800 (Pacific Standard Time): GET /css/mainStyle.css
Wed Nov 28 2018 22:24:18 GMT-0800 (Pacific Standard Time): GET /images/popAdLogo4.png
Wed Nov 28 2018 22:24:18 GMT-0800 (Pacific Standard Time): GET /favicon.ico
Wed Nov 28 2018 22:24:18 GMT-0800 (Pacific Standard Time): GET /images/road2-1.jpg
Wed Nov 28 2018 22:25:01 GMT-0800 (Pacific Standard Time): GET /
Wed Nov 28 2018 22:25:01 GMT-0800 (Pacific Standard Time): GET /css/mainStyle.css
Wed Nov 28 2018 22:25:01 GMT-0800 (Pacific Standard Time): GET /images/popAdLogo4.png
Wed Nov 28 2018 22:25:01 GMT-0800 (Pacific Standard Time): GET /favicon.ico
Wed Nov 28 2018 22:25:01 GMT-0800 (Pacific Standard Time): GET /images/road2-1.jpg
Wed Nov 28 2018 22:25:04 GMT-0800 (Pacific Standard Time): GET /
Wed Nov 28 2018 22:25:04 GMT-0800 (Pacific Standard Time): GET /css/mainStyle.css
Wed Nov 28 2018 22:25:04 GMT-0800 (Pacific Standard Time): GET /images/popAdLogo4.png
Wed Nov 28 2018 22:25:04 GMT-0800 (Pacific Standard Time): GET /favicon.ico
Wed Nov 28 2018 22:25:04 GMT-0800 (Pacific Standard Time): GET /images/road2-1.jpg
Wed Nov 28 2018 22:25:12 GMT-0800 (Pacific Standard Time): GET /
Wed Nov 28 2018 22:25:13 GMT-0800 (Pacific Standard Time): GET /css/mainStyle.css
Wed Nov 28 2018 22:25:13 GMT-0800 (Pacific Standard Time): GET /images/popAdLogo4.png
Wed Nov 28 2018 22:25:13 GMT-0800 (Pacific Standard Time): GET /images/road2-1.jpg
Wed Nov 28 2018 22:25:13 GMT-0800 (Pacific Standard Time): GET /favicon.ico
Wed Nov 28 2018 22:31:54 GMT-0800 (Pacific Standard Time): GET /
Wed Nov 28 2018 22:31:55 GMT-0800 (Pacific Standard Time): GET /css/mainStyle.css
Wed Nov 28 2018 22:31:55 GMT-0800 (Pacific Standard Time): GET /images/popAdLogo4.png
Wed Nov 28 2018 22:31:55 GMT-0800 (Pacific Standard Time): GET /favicon.ico
Wed Nov 28 2018 22:31:55 GMT-0800 (Pacific Standard Time): GET /images/road2-1.jpg
Wed Nov 28 2018 22:32:42 GMT-0800 (Pacific Standard Time): GET /
Wed Nov 28 2018 22:32:42 GMT-0800 (Pacific Standard Time): GET /css/mainStyle.css
Wed Nov 28 2018 22:32:42 GMT-0800 (Pacific Standard Time): GET /images/popAdLogo4.png
Wed Nov 28 2018 22:32:42 GMT-0800 (Pacific Standard Time): GET /favicon.ico
Wed Nov 28 2018 22:32:42 GMT-0800 (Pacific Standard Time): GET /images/road2-1.jpg
Wed Nov 28 2018 22:33:14 GMT-0800 (Pacific Standard Time): GET /
Wed Nov 28 2018 22:33:14 GMT-0800 (Pacific Standard Time): GET /css/mainStyle.css
Wed Nov 28 2018 22:33:14 GMT-0800 (Pacific Standard Time): GET /images/popAdLogo4.png
Wed Nov 28 2018 22:33:14 GMT-0800 (Pacific Standard Time): GET /favicon.ico
Wed Nov 28 2018 22:33:14 GMT-0800 (Pacific Standard Time): GET /images/road2-1.jpg
Wed Nov 28 2018 22:33:24 GMT-0800 (Pacific Standard Time): GET /
Wed Nov 28 2018 22:33:25 GMT-0800 (Pacific Standard Time): GET /css/mainStyle.css
Wed Nov 28 2018 22:33:25 GMT-0800 (Pacific Standard Time): GET /images/popAdLogo4.png
Wed Nov 28 2018 22:33:25 GMT-0800 (Pacific Standard Time): GET /favicon.ico
Wed Nov 28 2018 22:33:25 GMT-0800 (Pacific Standard Time): GET /images/road2-1.jpg
Wed Nov 28 2018 22:33:43 GMT-0800 (Pacific Standard Time): GET /
Wed Nov 28 2018 22:33:43 GMT-0800 (Pacific Standard Time): GET /css/mainStyle.css
Wed Nov 28 2018 22:33:43 GMT-0800 (Pacific Standard Time): GET /images/popAdLogo4.png
Wed Nov 28 2018 22:33:43 GMT-0800 (Pacific Standard Time): GET /favicon.ico
Wed Nov 28 2018 22:33:43 GMT-0800 (Pacific Standard Time): GET /images/road2-1.jpg
Wed Nov 28 2018 22:34:08 GMT-0800 (Pacific Standard Time): GET /
Wed Nov 28 2018 22:34:08 GMT-0800 (Pacific Standard Time): GET /css/mainStyle.css
Wed Nov 28 2018 22:34:08 GMT-0800 (Pacific Standard Time): GET /images/popAdLogo4.png
Wed Nov 28 2018 22:34:08 GMT-0800 (Pacific Standard Time): GET /favicon.ico
Wed Nov 28 2018 22:34:08 GMT-0800 (Pacific Standard Time): GET /images/road2-1.jpg
Wed Nov 28 2018 22:34:52 GMT-0800 (Pacific Standard Time): GET /
Wed Nov 28 2018 22:34:52 GMT-0800 (Pacific Standard Time): GET /css/mainStyle.css
Wed Nov 28 2018 22:34:52 GMT-0800 (Pacific Standard Time): GET /images/popAdLogo4.png
Wed Nov 28 2018 22:34:52 GMT-0800 (Pacific Standard Time): GET /images/road2-1.jpg
Wed Nov 28 2018 22:34:52 GMT-0800 (Pacific Standard Time): GET /favicon.ico
Wed Nov 28 2018 22:35:05 GMT-0800 (Pacific Standard Time): GET /
Wed Nov 28 2018 22:35:05 GMT-0800 (Pacific Standard Time): GET /css/mainStyle.css
Wed Nov 28 2018 22:35:05 GMT-0800 (Pacific Standard Time): GET /images/popAdLogo4.png
Wed Nov 28 2018 22:35:05 GMT-0800 (Pacific Standard Time): GET /favicon.ico
Wed Nov 28 2018 22:35:05 GMT-0800 (Pacific Standard Time): GET /images/road2-1.jpg
Wed Nov 28 2018 22:35:19 GMT-0800 (Pacific Standard Time): GET /
Wed Nov 28 2018 22:35:19 GMT-0800 (Pacific Standard Time): GET /css/mainStyle.css
Wed Nov 28 2018 22:35:19 GMT-0800 (Pacific Standard Time): GET /images/popAdLogo4.png
Wed Nov 28 2018 22:35:19 GMT-0800 (Pacific Standard Time): GET /favicon.ico
Wed Nov 28 2018 22:35:20 GMT-0800 (Pacific Standard Time): GET /images/road2-1.jpg
Wed Nov 28 2018 22:36:23 GMT-0800 (Pacific Standard Time): GET /
Wed Nov 28 2018 22:36:23 GMT-0800 (Pacific Standard Time): GET /css/mainStyle.css
Wed Nov 28 2018 22:36:24 GMT-0800 (Pacific Standard Time): GET /images/popAdLogo4.png
Wed Nov 28 2018 22:36:24 GMT-0800 (Pacific Standard Time): GET /images/road2-1.jpg
Wed Nov 28 2018 22:36:24 GMT-0800 (Pacific Standard Time): GET /favicon.ico
Wed Nov 28 2018 22:36:44 GMT-0800 (Pacific Standard Time): GET /
Wed Nov 28 2018 22:36:44 GMT-0800 (Pacific Standard Time): GET /css/mainStyle.css
Wed Nov 28 2018 22:36:44 GMT-0800 (Pacific Standard Time): GET /images/popAdLogo4.png
Wed Nov 28 2018 22:36:44 GMT-0800 (Pacific Standard Time): GET /favicon.ico
Wed Nov 28 2018 22:36:44 GMT-0800 (Pacific Standard Time): GET /images/road2-1.jpg
Wed Nov 28 2018 22:36:53 GMT-0800 (Pacific Standard Time): GET /
Wed Nov 28 2018 22:36:53 GMT-0800 (Pacific Standard Time): GET /css/mainStyle.css
Wed Nov 28 2018 22:36:53 GMT-0800 (Pacific Standard Time): GET /images/popAdLogo4.png
Wed Nov 28 2018 22:36:53 GMT-0800 (Pacific Standard Time): GET /favicon.ico
Wed Nov 28 2018 22:36:53 GMT-0800 (Pacific Standard Time): GET /images/road2-1.jpg
Wed Nov 28 2018 22:37:00 GMT-0800 (Pacific Standard Time): GET /
Wed Nov 28 2018 22:37:00 GMT-0800 (Pacific Standard Time): GET /css/mainStyle.css
Wed Nov 28 2018 22:37:00 GMT-0800 (Pacific Standard Time): GET /images/popAdLogo4.png
Wed Nov 28 2018 22:37:00 GMT-0800 (Pacific Standard Time): GET /favicon.ico
Wed Nov 28 2018 22:37:00 GMT-0800 (Pacific Standard Time): GET /images/road2-1.jpg
Wed Nov 28 2018 22:37:07 GMT-0800 (Pacific Standard Time): GET /
Wed Nov 28 2018 22:37:07 GMT-0800 (Pacific Standard Time): GET /css/mainStyle.css
Wed Nov 28 2018 22:37:07 GMT-0800 (Pacific Standard Time): GET /images/popAdLogo4.png
Wed Nov 28 2018 22:37:07 GMT-0800 (Pacific Standard Time): GET /favicon.ico
Wed Nov 28 2018 22:37:07 GMT-0800 (Pacific Standard Time): GET /images/road2-1.jpg
Wed Nov 28 2018 22:37:16 GMT-0800 (Pacific Standard Time): GET /
Wed Nov 28 2018 22:37:16 GMT-0800 (Pacific Standard Time): GET /css/mainStyle.css
Wed Nov 28 2018 22:37:16 GMT-0800 (Pacific Standard Time): GET /images/popAdLogo4.png
Wed Nov 28 2018 22:37:16 GMT-0800 (Pacific Standard Time): GET /images/road2-1.jpg
Wed Nov 28 2018 22:37:16 GMT-0800 (Pacific Standard Time): GET /favicon.ico
Wed Nov 28 2018 22:37:25 GMT-0800 (Pacific Standard Time): GET /
Wed Nov 28 2018 22:37:25 GMT-0800 (Pacific Standard Time): GET /css/mainStyle.css
Wed Nov 28 2018 22:37:25 GMT-0800 (Pacific Standard Time): GET /images/road2-1.jpg
Wed Nov 28 2018 22:37:25 GMT-0800 (Pacific Standard Time): GET /images/popAdLogo4.png
Wed Nov 28 2018 22:37:25 GMT-0800 (Pacific Standard Time): GET /favicon.ico
Wed Nov 28 2018 22:37:47 GMT-0800 (Pacific Standard Time): GET /
Wed Nov 28 2018 22:37:47 GMT-0800 (Pacific Standard Time): GET /css/mainStyle.css
Wed Nov 28 2018 22:37:47 GMT-0800 (Pacific Standard Time): GET /images/popAdLogo4.png
Wed Nov 28 2018 22:37:47 GMT-0800 (Pacific Standard Time): GET /favicon.ico
Wed Nov 28 2018 22:37:47 GMT-0800 (Pacific Standard Time): GET /images/road2-1.jpg
Wed Nov 28 2018 22:39:43 GMT-0800 (Pacific Standard Time): GET /
Wed Nov 28 2018 22:39:43 GMT-0800 (Pacific Standard Time): GET /css/mainStyle.css
Wed Nov 28 2018 22:39:43 GMT-0800 (Pacific Standard Time): GET /images/popAdLogo4.png
Wed Nov 28 2018 22:39:43 GMT-0800 (Pacific Standard Time): GET /favicon.ico
Wed Nov 28 2018 22:39:43 GMT-0800 (Pacific Standard Time): GET /images/road2-1.jpg
Wed Nov 28 2018 22:41:45 GMT-0800 (Pacific Standard Time): GET /
Wed Nov 28 2018 22:41:45 GMT-0800 (Pacific Standard Time): GET /css/mainStyle.css
Wed Nov 28 2018 22:41:45 GMT-0800 (Pacific Standard Time): GET /images/popAdLogo4.png
Wed Nov 28 2018 22:41:45 GMT-0800 (Pacific Standard Time): GET /favicon.ico
Wed Nov 28 2018 22:41:45 GMT-0800 (Pacific Standard Time): GET /images/road2-1.jpg
Wed Nov 28 2018 22:42:24 GMT-0800 (Pacific Standard Time): GET /
Wed Nov 28 2018 22:42:24 GMT-0800 (Pacific Standard Time): GET /css/mainStyle.css
Wed Nov 28 2018 22:42:24 GMT-0800 (Pacific Standard Time): GET /images/popAdLogo4.png
Wed Nov 28 2018 22:42:24 GMT-0800 (Pacific Standard Time): GET /images/road2-1.jpg
Wed Nov 28 2018 22:42:24 GMT-0800 (Pacific Standard Time): GET /favicon.ico
Wed Nov 28 2018 22:42:55 GMT-0800 (Pacific Standard Time): GET /
Wed Nov 28 2018 22:42:55 GMT-0800 (Pacific Standard Time): GET /css/mainStyle.css
Wed Nov 28 2018 22:42:55 GMT-0800 (Pacific Standard Time): GET /images/popAdLogo4.png
Wed Nov 28 2018 22:42:55 GMT-0800 (Pacific Standard Time): GET /favicon.ico
Wed Nov 28 2018 22:42:55 GMT-0800 (Pacific Standard Time): GET /images/road2-1.jpg
Wed Nov 28 2018 22:43:35 GMT-0800 (Pacific Standard Time): GET /
Wed Nov 28 2018 22:43:35 GMT-0800 (Pacific Standard Time): GET /css/mainStyle.css
Wed Nov 28 2018 22:43:35 GMT-0800 (Pacific Standard Time): GET /images/popAdLogo4.png
Wed Nov 28 2018 22:43:35 GMT-0800 (Pacific Standard Time): GET /favicon.ico
Wed Nov 28 2018 22:43:35 GMT-0800 (Pacific Standard Time): GET /images/road2-1.jpg
Wed Nov 28 2018 22:43:51 GMT-0800 (Pacific Standard Time): GET /
Wed Nov 28 2018 22:43:51 GMT-0800 (Pacific Standard Time): GET /css/mainStyle.css
Wed Nov 28 2018 22:43:51 GMT-0800 (Pacific Standard Time): GET /images/popAdLogo4.png
Wed Nov 28 2018 22:43:51 GMT-0800 (Pacific Standard Time): GET /favicon.ico
Wed Nov 28 2018 22:43:51 GMT-0800 (Pacific Standard Time): GET /images/road2-1.jpg
Wed Nov 28 2018 22:44:15 GMT-0800 (Pacific Standard Time): GET /
Wed Nov 28 2018 22:44:15 GMT-0800 (Pacific Standard Time): GET /css/mainStyle.css
Wed Nov 28 2018 22:44:15 GMT-0800 (Pacific Standard Time): GET /images/popAdLogo4.png
Wed Nov 28 2018 22:44:15 GMT-0800 (Pacific Standard Time): GET /favicon.ico
Wed Nov 28 2018 22:44:15 GMT-0800 (Pacific Standard Time): GET /images/road2-1.jpg
Wed Nov 28 2018 22:44:31 GMT-0800 (Pacific Standard Time): GET /
Wed Nov 28 2018 22:44:31 GMT-0800 (Pacific Standard Time): GET /css/mainStyle.css
Wed Nov 28 2018 22:44:31 GMT-0800 (Pacific Standard Time): GET /images/popAdLogo4.png
Wed Nov 28 2018 22:44:31 GMT-0800 (Pacific Standard Time): GET /favicon.ico
Wed Nov 28 2018 22:44:31 GMT-0800 (Pacific Standard Time): GET /images/road2-1.jpg
Wed Nov 28 2018 22:44:39 GMT-0800 (Pacific Standard Time): GET /
Wed Nov 28 2018 22:44:39 GMT-0800 (Pacific Standard Time): GET /css/mainStyle.css
Wed Nov 28 2018 22:44:39 GMT-0800 (Pacific Standard Time): GET /images/popAdLogo4.png
Wed Nov 28 2018 22:44:39 GMT-0800 (Pacific Standard Time): GET /favicon.ico
Wed Nov 28 2018 22:44:40 GMT-0800 (Pacific Standard Time): GET /images/road2-1.jpg
Wed Nov 28 2018 22:44:48 GMT-0800 (Pacific Standard Time): GET /
Wed Nov 28 2018 22:44:48 GMT-0800 (Pacific Standard Time): GET /css/mainStyle.css
Wed Nov 28 2018 22:44:48 GMT-0800 (Pacific Standard Time): GET /images/popAdLogo4.png
Wed Nov 28 2018 22:44:48 GMT-0800 (Pacific Standard Time): GET /images/road2-1.jpg
Wed Nov 28 2018 22:44:48 GMT-0800 (Pacific Standard Time): GET /favicon.ico
Wed Nov 28 2018 22:45:08 GMT-0800 (Pacific Standard Time): GET /
Wed Nov 28 2018 22:45:08 GMT-0800 (Pacific Standard Time): GET /css/mainStyle.css
Wed Nov 28 2018 22:45:08 GMT-0800 (Pacific Standard Time): GET /images/popAdLogo4.png
Wed Nov 28 2018 22:45:08 GMT-0800 (Pacific Standard Time): GET /favicon.ico
Wed Nov 28 2018 22:45:08 GMT-0800 (Pacific Standard Time): GET /images/road2-1.jpg
Wed Nov 28 2018 22:45:25 GMT-0800 (Pacific Standard Time): GET /
Wed Nov 28 2018 22:45:25 GMT-0800 (Pacific Standard Time): GET /css/mainStyle.css
Wed Nov 28 2018 22:45:25 GMT-0800 (Pacific Standard Time): GET /images/popAdLogo4.png
Wed Nov 28 2018 22:45:25 GMT-0800 (Pacific Standard Time): GET /favicon.ico
Wed Nov 28 2018 22:45:25 GMT-0800 (Pacific Standard Time): GET /images/road2-1.jpg
Wed Nov 28 2018 22:45:35 GMT-0800 (Pacific Standard Time): GET /
Wed Nov 28 2018 22:45:35 GMT-0800 (Pacific Standard Time): GET /css/mainStyle.css
Wed Nov 28 2018 22:45:35 GMT-0800 (Pacific Standard Time): GET /images/popAdLogo4.png
Wed Nov 28 2018 22:45:35 GMT-0800 (Pacific Standard Time): GET /favicon.ico
Wed Nov 28 2018 22:45:35 GMT-0800 (Pacific Standard Time): GET /images/road2-1.jpg
Wed Nov 28 2018 22:45:57 GMT-0800 (Pacific Standard Time): GET /
Wed Nov 28 2018 22:45:57 GMT-0800 (Pacific Standard Time): GET /css/mainStyle.css
Wed Nov 28 2018 22:45:57 GMT-0800 (Pacific Standard Time): GET /images/popAdLogo4.png
Wed Nov 28 2018 22:45:57 GMT-0800 (Pacific Standard Time): GET /favicon.ico
Wed Nov 28 2018 22:45:57 GMT-0800 (Pacific Standard Time): GET /images/road2-1.jpg
Wed Nov 28 2018 22:46:10 GMT-0800 (Pacific Standard Time): GET /
Wed Nov 28 2018 22:46:10 GMT-0800 (Pacific Standard Time): GET /css/mainStyle.css
Wed Nov 28 2018 22:46:10 GMT-0800 (Pacific Standard Time): GET /images/popAdLogo4.png
Wed Nov 28 2018 22:46:10 GMT-0800 (Pacific Standard Time): GET /favicon.ico
Wed Nov 28 2018 22:46:10 GMT-0800 (Pacific Standard Time): GET /images/road2-1.jpg
Wed Nov 28 2018 22:46:19 GMT-0800 (Pacific Standard Time): GET /
Wed Nov 28 2018 22:46:19 GMT-0800 (Pacific Standard Time): GET /css/mainStyle.css
Wed Nov 28 2018 22:46:19 GMT-0800 (Pacific Standard Time): GET /images/popAdLogo4.png
Wed Nov 28 2018 22:46:19 GMT-0800 (Pacific Standard Time): GET /favicon.ico
Wed Nov 28 2018 22:46:19 GMT-0800 (Pacific Standard Time): GET /images/road2-1.jpg
Wed Nov 28 2018 22:46:29 GMT-0800 (Pacific Standard Time): GET /
Wed Nov 28 2018 22:46:29 GMT-0800 (Pacific Standard Time): GET /css/mainStyle.css
Wed Nov 28 2018 22:46:29 GMT-0800 (Pacific Standard Time): GET /images/popAdLogo4.png
Wed Nov 28 2018 22:46:29 GMT-0800 (Pacific Standard Time): GET /favicon.ico
Wed Nov 28 2018 22:46:29 GMT-0800 (Pacific Standard Time): GET /images/road2-1.jpg
Wed Nov 28 2018 22:47:14 GMT-0800 (Pacific Standard Time): GET /
Wed Nov 28 2018 22:47:14 GMT-0800 (Pacific Standard Time): GET /css/mainStyle.css
Wed Nov 28 2018 22:47:14 GMT-0800 (Pacific Standard Time): GET /images/popAdLogo4.png
Wed Nov 28 2018 22:47:14 GMT-0800 (Pacific Standard Time): GET /favicon.ico
Wed Nov 28 2018 22:47:14 GMT-0800 (Pacific Standard Time): GET /images/road2-1.jpg
Wed Nov 28 2018 22:48:27 GMT-0800 (Pacific Standard Time): GET /
Wed Nov 28 2018 22:48:27 GMT-0800 (Pacific Standard Time): GET /css/mainStyle.css
Wed Nov 28 2018 22:48:27 GMT-0800 (Pacific Standard Time): GET /images/popAdLogo4.png
Wed Nov 28 2018 22:48:27 GMT-0800 (Pacific Standard Time): GET /favicon.ico
Wed Nov 28 2018 22:48:27 GMT-0800 (Pacific Standard Time): GET /images/road2-1.jpg
Wed Nov 28 2018 22:48:38 GMT-0800 (Pacific Standard Time): GET /
Wed Nov 28 2018 22:48:38 GMT-0800 (Pacific Standard Time): GET /css/mainStyle.css
Wed Nov 28 2018 22:48:38 GMT-0800 (Pacific Standard Time): GET /images/popAdLogo4.png
Wed Nov 28 2018 22:48:38 GMT-0800 (Pacific Standard Time): GET /favicon.ico
Wed Nov 28 2018 22:48:38 GMT-0800 (Pacific Standard Time): GET /images/road2-1.jpg
Wed Nov 28 2018 22:48:49 GMT-0800 (Pacific Standard Time): GET /
Wed Nov 28 2018 22:48:50 GMT-0800 (Pacific Standard Time): GET /css/mainStyle.css
Wed Nov 28 2018 22:48:50 GMT-0800 (Pacific Standard Time): GET /images/popAdLogo4.png
Wed Nov 28 2018 22:48:50 GMT-0800 (Pacific Standard Time): GET /favicon.ico
Wed Nov 28 2018 22:48:50 GMT-0800 (Pacific Standard Time): GET /images/road2-1.jpg
Wed Nov 28 2018 22:49:09 GMT-0800 (Pacific Standard Time): GET /
Wed Nov 28 2018 22:49:09 GMT-0800 (Pacific Standard Time): GET /css/mainStyle.css
Wed Nov 28 2018 22:49:09 GMT-0800 (Pacific Standard Time): GET /images/popAdLogo4.png
Wed Nov 28 2018 22:49:09 GMT-0800 (Pacific Standard Time): GET /images/road2-1.jpg
Wed Nov 28 2018 22:49:09 GMT-0800 (Pacific Standard Time): GET /favicon.ico
Wed Nov 28 2018 22:49:27 GMT-0800 (Pacific Standard Time): GET /
Wed Nov 28 2018 22:49:27 GMT-0800 (Pacific Standard Time): GET /css/mainStyle.css
Wed Nov 28 2018 22:49:27 GMT-0800 (Pacific Standard Time): GET /images/popAdLogo4.png
Wed Nov 28 2018 22:49:27 GMT-0800 (Pacific Standard Time): GET /favicon.ico
Wed Nov 28 2018 22:49:27 GMT-0800 (Pacific Standard Time): GET /images/road2-1.jpg
Wed Nov 28 2018 22:49:36 GMT-0800 (Pacific Standard Time): GET /favicon.ico
Wed Nov 28 2018 22:49:40 GMT-0800 (Pacific Standard Time): GET /
Wed Nov 28 2018 22:49:40 GMT-0800 (Pacific Standard Time): GET /css/mainStyle.css
Wed Nov 28 2018 22:49:40 GMT-0800 (Pacific Standard Time): GET /images/popAdLogo4.png
Wed Nov 28 2018 22:49:40 GMT-0800 (Pacific Standard Time): GET /favicon.ico
Wed Nov 28 2018 22:49:40 GMT-0800 (Pacific Standard Time): GET /images/road2-1.jpg
Wed Nov 28 2018 22:49:58 GMT-0800 (Pacific Standard Time): GET /
Wed Nov 28 2018 22:49:58 GMT-0800 (Pacific Standard Time): GET /css/mainStyle.css
Wed Nov 28 2018 22:49:58 GMT-0800 (Pacific Standard Time): GET /images/popAdLogo4.png
Wed Nov 28 2018 22:49:58 GMT-0800 (Pacific Standard Time): GET /favicon.ico
Wed Nov 28 2018 22:49:58 GMT-0800 (Pacific Standard Time): GET /images/road2-1.jpg
Wed Nov 28 2018 22:50:11 GMT-0800 (Pacific Standard Time): GET /
Wed Nov 28 2018 22:50:11 GMT-0800 (Pacific Standard Time): GET /css/mainStyle.css
Wed Nov 28 2018 22:50:11 GMT-0800 (Pacific Standard Time): GET /images/popAdLogo4.png
Wed Nov 28 2018 22:50:11 GMT-0800 (Pacific Standard Time): GET /favicon.ico
Wed Nov 28 2018 22:50:11 GMT-0800 (Pacific Standard Time): GET /images/road2-1.jpg
Wed Nov 28 2018 22:59:06 GMT-0800 (Pacific Standard Time): GET /
Wed Nov 28 2018 22:59:06 GMT-0800 (Pacific Standard Time): GET /css/mainStyle.css
Wed Nov 28 2018 22:59:06 GMT-0800 (Pacific Standard Time): GET /images/popAdLogo4.png
Wed Nov 28 2018 22:59:06 GMT-0800 (Pacific Standard Time): GET /favicon.ico
Wed Nov 28 2018 22:59:06 GMT-0800 (Pacific Standard Time): GET /images/road2-1.jpg
Wed Nov 28 2018 23:00:02 GMT-0800 (Pacific Standard Time): GET /
Wed Nov 28 2018 23:00:02 GMT-0800 (Pacific Standard Time): GET /css/mainStyle.css
Wed Nov 28 2018 23:00:02 GMT-0800 (Pacific Standard Time): GET /images/popAdLogo4.png
Wed Nov 28 2018 23:00:02 GMT-0800 (Pacific Standard Time): GET /images/road2-1.jpg
Wed Nov 28 2018 23:00:02 GMT-0800 (Pacific Standard Time): GET /favicon.ico
Wed Nov 28 2018 23:00:34 GMT-0800 (Pacific Standard Time): GET /
Wed Nov 28 2018 23:00:34 GMT-0800 (Pacific Standard Time): GET /css/mainStyle.css
Wed Nov 28 2018 23:00:34 GMT-0800 (Pacific Standard Time): GET /images/popAdLogo4.png
Wed Nov 28 2018 23:00:34 GMT-0800 (Pacific Standard Time): GET /images/road2-1.jpg
Wed Nov 28 2018 23:00:34 GMT-0800 (Pacific Standard Time): GET /favicon.ico
Wed Nov 28 2018 23:00:49 GMT-0800 (Pacific Standard Time): GET /
Wed Nov 28 2018 23:00:49 GMT-0800 (Pacific Standard Time): GET /css/mainStyle.css
Wed Nov 28 2018 23:00:49 GMT-0800 (Pacific Standard Time): GET /images/popAdLogo4.png
Wed Nov 28 2018 23:00:49 GMT-0800 (Pacific Standard Time): GET /favicon.ico
Wed Nov 28 2018 23:00:49 GMT-0800 (Pacific Standard Time): GET /images/road2-1.jpg
Wed Nov 28 2018 23:00:59 GMT-0800 (Pacific Standard Time): GET /
Wed Nov 28 2018 23:00:59 GMT-0800 (Pacific Standard Time): GET /css/mainStyle.css
Wed Nov 28 2018 23:00:59 GMT-0800 (Pacific Standard Time): GET /images/popAdLogo4.png
Wed Nov 28 2018 23:00:59 GMT-0800 (Pacific Standard Time): GET /favicon.ico
Wed Nov 28 2018 23:00:59 GMT-0800 (Pacific Standard Time): GET /images/road2-1.jpg
Wed Nov 28 2018 23:01:21 GMT-0800 (Pacific Standard Time): GET /
Wed Nov 28 2018 23:01:21 GMT-0800 (Pacific Standard Time): GET /css/mainStyle.css
Wed Nov 28 2018 23:01:21 GMT-0800 (Pacific Standard Time): GET /images/popAdLogo4.png
Wed Nov 28 2018 23:01:21 GMT-0800 (Pacific Standard Time): GET /favicon.ico
Wed Nov 28 2018 23:01:21 GMT-0800 (Pacific Standard Time): GET /images/road2-1.jpg
Wed Nov 28 2018 23:01:35 GMT-0800 (Pacific Standard Time): GET /
Wed Nov 28 2018 23:01:35 GMT-0800 (Pacific Standard Time): GET /css/mainStyle.css
Wed Nov 28 2018 23:01:35 GMT-0800 (Pacific Standard Time): GET /images/popAdLogo4.png
Wed Nov 28 2018 23:01:35 GMT-0800 (Pacific Standard Time): GET /favicon.ico
Wed Nov 28 2018 23:01:35 GMT-0800 (Pacific Standard Time): GET /images/road2-1.jpg
Wed Nov 28 2018 23:01:50 GMT-0800 (Pacific Standard Time): GET /
Wed Nov 28 2018 23:01:50 GMT-0800 (Pacific Standard Time): GET /css/mainStyle.css
Wed Nov 28 2018 23:01:50 GMT-0800 (Pacific Standard Time): GET /images/popAdLogo4.png
Wed Nov 28 2018 23:01:50 GMT-0800 (Pacific Standard Time): GET /favicon.ico
Wed Nov 28 2018 23:01:50 GMT-0800 (Pacific Standard Time): GET /images/road2-1.jpg
Wed Nov 28 2018 23:02:09 GMT-0800 (Pacific Standard Time): GET /
Wed Nov 28 2018 23:02:09 GMT-0800 (Pacific Standard Time): GET /css/mainStyle.css
Wed Nov 28 2018 23:02:09 GMT-0800 (Pacific Standard Time): GET /images/popAdLogo4.png
Wed Nov 28 2018 23:02:09 GMT-0800 (Pacific Standard Time): GET /favicon.ico
Wed Nov 28 2018 23:02:09 GMT-0800 (Pacific Standard Time): GET /images/road2-1.jpg
Wed Nov 28 2018 23:02:17 GMT-0800 (Pacific Standard Time): GET /favicon.ico
Wed Nov 28 2018 23:02:18 GMT-0800 (Pacific Standard Time): GET /
Wed Nov 28 2018 23:02:18 GMT-0800 (Pacific Standard Time): GET /css/mainStyle.css
Wed Nov 28 2018 23:02:18 GMT-0800 (Pacific Standard Time): GET /images/popAdLogo4.png
Wed Nov 28 2018 23:02:18 GMT-0800 (Pacific Standard Time): GET /favicon.ico
Wed Nov 28 2018 23:02:18 GMT-0800 (Pacific Standard Time): GET /images/road2-1.jpg
Wed Nov 28 2018 23:03:04 GMT-0800 (Pacific Standard Time): GET /
Wed Nov 28 2018 23:03:04 GMT-0800 (Pacific Standard Time): GET /css/mainStyle.css
Wed Nov 28 2018 23:03:04 GMT-0800 (Pacific Standard Time): GET /images/popAdLogo4.png
Wed Nov 28 2018 23:03:04 GMT-0800 (Pacific Standard Time): GET /favicon.ico
Wed Nov 28 2018 23:03:04 GMT-0800 (Pacific Standard Time): GET /images/road2-1.jpg
Wed Nov 28 2018 23:03:21 GMT-0800 (Pacific Standard Time): GET /
Wed Nov 28 2018 23:03:21 GMT-0800 (Pacific Standard Time): GET /css/mainStyle.css
Wed Nov 28 2018 23:03:21 GMT-0800 (Pacific Standard Time): GET /images/popAdLogo4.png
Wed Nov 28 2018 23:03:21 GMT-0800 (Pacific Standard Time): GET /favicon.ico
Wed Nov 28 2018 23:03:21 GMT-0800 (Pacific Standard Time): GET /images/road2-1.jpg
Wed Nov 28 2018 23:04:01 GMT-0800 (Pacific Standard Time): GET /
Wed Nov 28 2018 23:04:01 GMT-0800 (Pacific Standard Time): GET /css/mainStyle.css
Wed Nov 28 2018 23:04:01 GMT-0800 (Pacific Standard Time): GET /images/popAdLogo4.png
Wed Nov 28 2018 23:04:01 GMT-0800 (Pacific Standard Time): GET /favicon.ico
Wed Nov 28 2018 23:04:01 GMT-0800 (Pacific Standard Time): GET /images/road2-1.jpg
Wed Nov 28 2018 23:04:20 GMT-0800 (Pacific Standard Time): GET /
Wed Nov 28 2018 23:04:20 GMT-0800 (Pacific Standard Time): GET /css/mainStyle.css
Wed Nov 28 2018 23:04:20 GMT-0800 (Pacific Standard Time): GET /images/popAdLogo4.png
Wed Nov 28 2018 23:04:20 GMT-0800 (Pacific Standard Time): GET /favicon.ico
Wed Nov 28 2018 23:04:20 GMT-0800 (Pacific Standard Time): GET /images/road2-1.jpg
Wed Nov 28 2018 23:04:35 GMT-0800 (Pacific Standard Time): GET /
Wed Nov 28 2018 23:04:35 GMT-0800 (Pacific Standard Time): GET /css/mainStyle.css
Wed Nov 28 2018 23:04:35 GMT-0800 (Pacific Standard Time): GET /images/popAdLogo4.png
Wed Nov 28 2018 23:04:35 GMT-0800 (Pacific Standard Time): GET /favicon.ico
Wed Nov 28 2018 23:04:35 GMT-0800 (Pacific Standard Time): GET /images/road2-1.jpg
Wed Nov 28 2018 23:05:05 GMT-0800 (Pacific Standard Time): GET /
Wed Nov 28 2018 23:05:05 GMT-0800 (Pacific Standard Time): GET /css/mainStyle.css
Wed Nov 28 2018 23:05:05 GMT-0800 (Pacific Standard Time): GET /images/popAdLogo4.png
Wed Nov 28 2018 23:05:05 GMT-0800 (Pacific Standard Time): GET /favicon.ico
Wed Nov 28 2018 23:05:05 GMT-0800 (Pacific Standard Time): GET /images/road2-1.jpg
Wed Nov 28 2018 23:05:30 GMT-0800 (Pacific Standard Time): GET /
Wed Nov 28 2018 23:05:30 GMT-0800 (Pacific Standard Time): GET /css/mainStyle.css
Wed Nov 28 2018 23:05:30 GMT-0800 (Pacific Standard Time): GET /images/popAdLogo4.png
Wed Nov 28 2018 23:05:30 GMT-0800 (Pacific Standard Time): GET /favicon.ico
Wed Nov 28 2018 23:05:30 GMT-0800 (Pacific Standard Time): GET /images/road2-1.jpg
Wed Nov 28 2018 23:05:55 GMT-0800 (Pacific Standard Time): GET /
Wed Nov 28 2018 23:05:55 GMT-0800 (Pacific Standard Time): GET /css/mainStyle.css
Wed Nov 28 2018 23:05:55 GMT-0800 (Pacific Standard Time): GET /images/popAdLogo4.png
Wed Nov 28 2018 23:05:55 GMT-0800 (Pacific Standard Time): GET /favicon.ico
Wed Nov 28 2018 23:05:55 GMT-0800 (Pacific Standard Time): GET /images/road2-1.jpg
Wed Nov 28 2018 23:06:52 GMT-0800 (Pacific Standard Time): GET /
Wed Nov 28 2018 23:06:52 GMT-0800 (Pacific Standard Time): GET /css/mainStyle.css
Wed Nov 28 2018 23:06:52 GMT-0800 (Pacific Standard Time): GET /images/popAdLogo4.png
Wed Nov 28 2018 23:06:52 GMT-0800 (Pacific Standard Time): GET /favicon.ico
Wed Nov 28 2018 23:06:52 GMT-0800 (Pacific Standard Time): GET /images/road2-1.jpg
Wed Nov 28 2018 23:07:20 GMT-0800 (Pacific Standard Time): GET /
Wed Nov 28 2018 23:07:20 GMT-0800 (Pacific Standard Time): GET /css/mainStyle.css
Wed Nov 28 2018 23:07:20 GMT-0800 (Pacific Standard Time): GET /images/popAdLogo4.png
Wed Nov 28 2018 23:07:20 GMT-0800 (Pacific Standard Time): GET /favicon.ico
Wed Nov 28 2018 23:07:20 GMT-0800 (Pacific Standard Time): GET /images/road2-1.jpg
Wed Nov 28 2018 23:07:37 GMT-0800 (Pacific Standard Time): GET /
Wed Nov 28 2018 23:07:37 GMT-0800 (Pacific Standard Time): GET /css/mainStyle.css
Wed Nov 28 2018 23:07:37 GMT-0800 (Pacific Standard Time): GET /images/popAdLogo4.png
Wed Nov 28 2018 23:07:37 GMT-0800 (Pacific Standard Time): GET /images/road2-1.jpg
Wed Nov 28 2018 23:07:37 GMT-0800 (Pacific Standard Time): GET /favicon.ico
Wed Nov 28 2018 23:08:15 GMT-0800 (Pacific Standard Time): GET /
Wed Nov 28 2018 23:08:15 GMT-0800 (Pacific Standard Time): GET /css/mainStyle.css
Wed Nov 28 2018 23:08:15 GMT-0800 (Pacific Standard Time): GET /images/popAdLogo4.png
Wed Nov 28 2018 23:08:15 GMT-0800 (Pacific Standard Time): GET /favicon.ico
Wed Nov 28 2018 23:08:15 GMT-0800 (Pacific Standard Time): GET /images/road2-1.jpg
Wed Nov 28 2018 23:08:44 GMT-0800 (Pacific Standard Time): GET /
Wed Nov 28 2018 23:08:45 GMT-0800 (Pacific Standard Time): GET /css/mainStyle.css
Wed Nov 28 2018 23:08:45 GMT-0800 (Pacific Standard Time): GET /images/popAdLogo4.png
Wed Nov 28 2018 23:08:45 GMT-0800 (Pacific Standard Time): GET /images/road2-1.jpg
Wed Nov 28 2018 23:08:45 GMT-0800 (Pacific Standard Time): GET /favicon.ico
Wed Nov 28 2018 23:09:15 GMT-0800 (Pacific Standard Time): GET /
Wed Nov 28 2018 23:09:15 GMT-0800 (Pacific Standard Time): GET /css/mainStyle.css
Wed Nov 28 2018 23:09:15 GMT-0800 (Pacific Standard Time): GET /images/popAdLogo4.png
Wed Nov 28 2018 23:09:15 GMT-0800 (Pacific Standard Time): GET /images/road2-1.jpg
Wed Nov 28 2018 23:09:15 GMT-0800 (Pacific Standard Time): GET /favicon.ico
Wed Nov 28 2018 23:11:23 GMT-0800 (Pacific Standard Time): GET /
Wed Nov 28 2018 23:11:23 GMT-0800 (Pacific Standard Time): GET /css/mainStyle.css
Wed Nov 28 2018 23:11:23 GMT-0800 (Pacific Standard Time): GET /images/popAdLogo4.png
Wed Nov 28 2018 23:11:23 GMT-0800 (Pacific Standard Time): GET /favicon.ico
Wed Nov 28 2018 23:11:23 GMT-0800 (Pacific Standard Time): GET /images/road2-1.jpg
Wed Nov 28 2018 23:11:41 GMT-0800 (Pacific Standard Time): GET /
Wed Nov 28 2018 23:11:41 GMT-0800 (Pacific Standard Time): GET /css/mainStyle.css
Wed Nov 28 2018 23:11:41 GMT-0800 (Pacific Standard Time): GET /images/popAdLogo4.png
Wed Nov 28 2018 23:11:41 GMT-0800 (Pacific Standard Time): GET /favicon.ico
Wed Nov 28 2018 23:11:41 GMT-0800 (Pacific Standard Time): GET /images/road2-1.jpg
Wed Nov 28 2018 23:12:21 GMT-0800 (Pacific Standard Time): GET /
Wed Nov 28 2018 23:12:21 GMT-0800 (Pacific Standard Time): GET /css/mainStyle.css
Wed Nov 28 2018 23:12:21 GMT-0800 (Pacific Standard Time): GET /images/popAdLogo4.png
Wed Nov 28 2018 23:12:21 GMT-0800 (Pacific Standard Time): GET /favicon.ico
Wed Nov 28 2018 23:12:21 GMT-0800 (Pacific Standard Time): GET /images/road2-1.jpg
Wed Nov 28 2018 23:12:35 GMT-0800 (Pacific Standard Time): GET /
Wed Nov 28 2018 23:12:35 GMT-0800 (Pacific Standard Time): GET /css/mainStyle.css
Wed Nov 28 2018 23:12:35 GMT-0800 (Pacific Standard Time): GET /images/popAdLogo4.png
Wed Nov 28 2018 23:12:35 GMT-0800 (Pacific Standard Time): GET /favicon.ico
Wed Nov 28 2018 23:12:35 GMT-0800 (Pacific Standard Time): GET /images/road2-1.jpg
Wed Nov 28 2018 23:13:01 GMT-0800 (Pacific Standard Time): GET /
Wed Nov 28 2018 23:13:01 GMT-0800 (Pacific Standard Time): GET /css/mainStyle.css
Wed Nov 28 2018 23:13:01 GMT-0800 (Pacific Standard Time): GET /images/popAdLogo4.png
Wed Nov 28 2018 23:13:01 GMT-0800 (Pacific Standard Time): GET /favicon.ico
Wed Nov 28 2018 23:13:01 GMT-0800 (Pacific Standard Time): GET /images/road2-1.jpg
Wed Nov 28 2018 23:13:23 GMT-0800 (Pacific Standard Time): GET /
Wed Nov 28 2018 23:13:23 GMT-0800 (Pacific Standard Time): GET /css/mainStyle.css
Wed Nov 28 2018 23:13:23 GMT-0800 (Pacific Standard Time): GET /images/popAdLogo4.png
Wed Nov 28 2018 23:13:23 GMT-0800 (Pacific Standard Time): GET /favicon.ico
Wed Nov 28 2018 23:13:23 GMT-0800 (Pacific Standard Time): GET /images/road2-1.jpg
Wed Nov 28 2018 23:13:36 GMT-0800 (Pacific Standard Time): GET /
Wed Nov 28 2018 23:13:36 GMT-0800 (Pacific Standard Time): GET /css/mainStyle.css
Wed Nov 28 2018 23:13:36 GMT-0800 (Pacific Standard Time): GET /images/popAdLogo4.png
Wed Nov 28 2018 23:13:36 GMT-0800 (Pacific Standard Time): GET /images/road2-1.jpg
Wed Nov 28 2018 23:13:36 GMT-0800 (Pacific Standard Time): GET /favicon.ico
Wed Nov 28 2018 23:14:39 GMT-0800 (Pacific Standard Time): GET /
Wed Nov 28 2018 23:14:39 GMT-0800 (Pacific Standard Time): GET /css/mainStyle.css
Wed Nov 28 2018 23:14:39 GMT-0800 (Pacific Standard Time): GET /images/popAdLogo4.png
Wed Nov 28 2018 23:14:39 GMT-0800 (Pacific Standard Time): GET /images/road2-1.jpg
Wed Nov 28 2018 23:14:39 GMT-0800 (Pacific Standard Time): GET /favicon.ico
Wed Nov 28 2018 23:15:53 GMT-0800 (Pacific Standard Time): GET /
Wed Nov 28 2018 23:15:53 GMT-0800 (Pacific Standard Time): GET /css/mainStyle.css
Wed Nov 28 2018 23:15:53 GMT-0800 (Pacific Standard Time): GET /images/popAdLogo4.png
Wed Nov 28 2018 23:15:53 GMT-0800 (Pacific Standard Time): GET /favicon.ico
Wed Nov 28 2018 23:15:53 GMT-0800 (Pacific Standard Time): GET /images/road2-1.jpg
Wed Nov 28 2018 23:16:44 GMT-0800 (Pacific Standard Time): GET /favicon.ico
Wed Nov 28 2018 23:16:44 GMT-0800 (Pacific Standard Time): GET /
Wed Nov 28 2018 23:16:44 GMT-0800 (Pacific Standard Time): GET /css/mainStyle.css
Wed Nov 28 2018 23:16:44 GMT-0800 (Pacific Standard Time): GET /images/popAdLogo4.png
Wed Nov 28 2018 23:16:44 GMT-0800 (Pacific Standard Time): GET /images/road2-1.jpg
Wed Nov 28 2018 23:16:44 GMT-0800 (Pacific Standard Time): GET /favicon.ico
Wed Nov 28 2018 23:17:15 GMT-0800 (Pacific Standard Time): GET /
Wed Nov 28 2018 23:17:16 GMT-0800 (Pacific Standard Time): GET /css/mainStyle.css
Wed Nov 28 2018 23:17:16 GMT-0800 (Pacific Standard Time): GET /images/popAdLogo4.png
Wed Nov 28 2018 23:17:16 GMT-0800 (Pacific Standard Time): GET /favicon.ico
Wed Nov 28 2018 23:17:16 GMT-0800 (Pacific Standard Time): GET /images/road2-1.jpg
Wed Nov 28 2018 23:17:27 GMT-0800 (Pacific Standard Time): GET /
Wed Nov 28 2018 23:17:27 GMT-0800 (Pacific Standard Time): GET /css/mainStyle.css
Wed Nov 28 2018 23:17:27 GMT-0800 (Pacific Standard Time): GET /images/popAdLogo4.png
Wed Nov 28 2018 23:17:27 GMT-0800 (Pacific Standard Time): GET /favicon.ico
Wed Nov 28 2018 23:17:27 GMT-0800 (Pacific Standard Time): GET /images/road2-1.jpg
Wed Nov 28 2018 23:17:52 GMT-0800 (Pacific Standard Time): GET /
Wed Nov 28 2018 23:17:52 GMT-0800 (Pacific Standard Time): GET /css/mainStyle.css
Wed Nov 28 2018 23:17:52 GMT-0800 (Pacific Standard Time): GET /images/popAdLogo4.png
Wed Nov 28 2018 23:17:52 GMT-0800 (Pacific Standard Time): GET /favicon.ico
Wed Nov 28 2018 23:17:52 GMT-0800 (Pacific Standard Time): GET /images/road2-1.jpg
Wed Nov 28 2018 23:18:01 GMT-0800 (Pacific Standard Time): GET /
Wed Nov 28 2018 23:18:01 GMT-0800 (Pacific Standard Time): GET /css/mainStyle.css
Wed Nov 28 2018 23:18:01 GMT-0800 (Pacific Standard Time): GET /images/popAdLogo4.png
Wed Nov 28 2018 23:18:01 GMT-0800 (Pacific Standard Time): GET /favicon.ico
Wed Nov 28 2018 23:18:01 GMT-0800 (Pacific Standard Time): GET /images/road2-1.jpg
Wed Nov 28 2018 23:18:29 GMT-0800 (Pacific Standard Time): GET /
Wed Nov 28 2018 23:18:29 GMT-0800 (Pacific Standard Time): GET /css/mainStyle.css
Wed Nov 28 2018 23:18:29 GMT-0800 (Pacific Standard Time): GET /images/popAdLogo4.png
Wed Nov 28 2018 23:18:29 GMT-0800 (Pacific Standard Time): GET /images/road2-1.jpg
Wed Nov 28 2018 23:18:29 GMT-0800 (Pacific Standard Time): GET /favicon.ico
Wed Nov 28 2018 23:25:17 GMT-0800 (Pacific Standard Time): GET /
Wed Nov 28 2018 23:25:17 GMT-0800 (Pacific Standard Time): GET /css/mainStyle.css
Wed Nov 28 2018 23:25:17 GMT-0800 (Pacific Standard Time): GET /images/popAdLogo4.png
Wed Nov 28 2018 23:25:17 GMT-0800 (Pacific Standard Time): GET /favicon.ico
Wed Nov 28 2018 23:25:17 GMT-0800 (Pacific Standard Time): GET /images/road2-1.jpg
Wed Nov 28 2018 23:25:29 GMT-0800 (Pacific Standard Time): GET /
Wed Nov 28 2018 23:25:29 GMT-0800 (Pacific Standard Time): GET /css/mainStyle.css
Wed Nov 28 2018 23:25:29 GMT-0800 (Pacific Standard Time): GET /images/popAdLogo4.png
Wed Nov 28 2018 23:25:29 GMT-0800 (Pacific Standard Time): GET /images/road2-1.jpg
Wed Nov 28 2018 23:25:29 GMT-0800 (Pacific Standard Time): GET /favicon.ico
Wed Nov 28 2018 23:25:45 GMT-0800 (Pacific Standard Time): GET /
Wed Nov 28 2018 23:25:45 GMT-0800 (Pacific Standard Time): GET /css/mainStyle.css
Wed Nov 28 2018 23:25:45 GMT-0800 (Pacific Standard Time): GET /images/popAdLogo4.png
Wed Nov 28 2018 23:25:45 GMT-0800 (Pacific Standard Time): GET /favicon.ico
Wed Nov 28 2018 23:25:45 GMT-0800 (Pacific Standard Time): GET /images/road2-1.jpg
Wed Nov 28 2018 23:26:19 GMT-0800 (Pacific Standard Time): GET /
Wed Nov 28 2018 23:26:19 GMT-0800 (Pacific Standard Time): GET /css/mainStyle.css
Wed Nov 28 2018 23:26:19 GMT-0800 (Pacific Standard Time): GET /images/popAdLogo4.png
Wed Nov 28 2018 23:26:19 GMT-0800 (Pacific Standard Time): GET /images/road2-1.jpg
Wed Nov 28 2018 23:26:19 GMT-0800 (Pacific Standard Time): GET /favicon.ico
